2021-02-02 21:04:01.542+0000 WARN  [o.n.k.EmbeddedGraphDatabase]: You are using an unsupported version of the Java runtime. Please use Oracle(R) Java(TM) Runtime Environment 7 or OpenJDK(TM) 7.
2021-02-02 21:04:01.619+0000 INFO  [o.n.i.p.PageCache]: Physical mem: 9968 MiB, Heap size: 2217 MiB, Page cache size: 1717 MiB.
2021-02-02 21:04:01.631+0000 INFO  [o.n.k.InternalAbstractGraphDatabase]: No locking implementation specified, defaulting to 'community'
2021-02-02 21:04:01.692+0000 INFO  [o.n.k.i.DiagnosticsManager]: --- INITIALIZED diagnostics START ---
2021-02-02 21:04:01.694+0000 INFO  [o.n.k.i.DiagnosticsManager]: Neo4j Kernel properties:
2021-02-02 21:04:01.697+0000 INFO  [o.n.k.i.DiagnosticsManager]: dump_configuration=true
2021-02-02 21:04:01.698+0000 INFO  [o.n.k.i.DiagnosticsManager]: store_dir=/mnt//neo4j
2021-02-02 21:04:01.698+0000 INFO  [o.n.k.i.DiagnosticsManager]: keep_logical_logs=false
2021-02-02 21:04:01.699+0000 INFO  [o.n.k.i.DiagnosticsManager]: ephemeral=false
2021-02-02 21:04:01.700+0000 INFO  [o.n.k.i.DiagnosticsManager]: Diagnostics providers:
2021-02-02 21:04:01.700+0000 INFO  [o.n.k.i.DiagnosticsManager]: org.neo4j.kernel.configuration.Config
2021-02-02 21:04:01.701+0000 INFO  [o.n.k.i.DiagnosticsManager]: org.neo4j.kernel.info.DiagnosticsManager
2021-02-02 21:04:01.701+0000 INFO  [o.n.k.i.DiagnosticsManager]: SYSTEM_MEMORY
2021-02-02 21:04:01.702+0000 INFO  [o.n.k.i.DiagnosticsManager]: JAVA_MEMORY
2021-02-02 21:04:01.702+0000 INFO  [o.n.k.i.DiagnosticsManager]: OPERATING_SYSTEM
2021-02-02 21:04:01.702+0000 INFO  [o.n.k.i.DiagnosticsManager]: JAVA_VIRTUAL_MACHINE
2021-02-02 21:04:01.703+0000 INFO  [o.n.k.i.DiagnosticsManager]: CLASSPATH
2021-02-02 21:04:01.703+0000 INFO  [o.n.k.i.DiagnosticsManager]: LIBRARY_PATH
2021-02-02 21:04:01.704+0000 INFO  [o.n.k.i.DiagnosticsManager]: SYSTEM_PROPERTIES
2021-02-02 21:04:01.704+0000 INFO  [o.n.k.i.DiagnosticsManager]: LINUX_SCHEDULERS
2021-02-02 21:04:01.704+0000 INFO  [o.n.k.i.DiagnosticsManager]: NETWORK
2021-02-02 21:04:01.705+0000 INFO  [o.n.k.i.DiagnosticsManager]: System memory information:
2021-02-02 21:04:01.707+0000 INFO  [o.n.k.i.DiagnosticsManager]: Total Physical memory: 9.73 GB
2021-02-02 21:04:01.707+0000 INFO  [o.n.k.i.DiagnosticsManager]: Free Physical memory: 6.62 GB
2021-02-02 21:04:01.708+0000 INFO  [o.n.k.i.DiagnosticsManager]: Committed virtual memory: 4.05 GB
2021-02-02 21:04:01.708+0000 INFO  [o.n.k.i.DiagnosticsManager]: Total swap space: 1024.00 MB
2021-02-02 21:04:01.709+0000 INFO  [o.n.k.i.DiagnosticsManager]: Free swap space: 1024.00 MB
2021-02-02 21:04:01.710+0000 INFO  [o.n.k.i.DiagnosticsManager]: JVM memory information:
2021-02-02 21:04:01.711+0000 INFO  [o.n.k.i.DiagnosticsManager]: Free  memory: 457.57 MB
2021-02-02 21:04:01.711+0000 INFO  [o.n.k.i.DiagnosticsManager]: Total memory: 616.00 MB
2021-02-02 21:04:01.712+0000 INFO  [o.n.k.i.DiagnosticsManager]: Max   memory: 2.17 GB
2021-02-02 21:04:01.712+0000 INFO  [o.n.k.i.DiagnosticsManager]: Garbage Collector: PS Scavenge: [PS Eden Space, PS Survivor Space]
2021-02-02 21:04:01.713+0000 INFO  [o.n.k.i.DiagnosticsManager]: Garbage Collector: PS MarkSweep: [PS Eden Space, PS Survivor Space, PS Old Gen]
2021-02-02 21:04:01.713+0000 INFO  [o.n.k.i.DiagnosticsManager]: Memory Pool: Code Cache (Non-heap memory): committed=11.31 MB, used=11.15 MB, max=240.00 MB, threshold=0.00 B
2021-02-02 21:04:01.714+0000 INFO  [o.n.k.i.DiagnosticsManager]: Memory Pool: Metaspace (Non-heap memory): committed=32.13 MB, used=31.29 MB, max=-1.00 B, threshold=0.00 B
2021-02-02 21:04:01.715+0000 INFO  [o.n.k.i.DiagnosticsManager]: Memory Pool: Compressed Class Space (Non-heap memory): committed=4.13 MB, used=3.90 MB, max=1.00 GB, threshold=0.00 B
2021-02-02 21:04:01.715+0000 INFO  [o.n.k.i.DiagnosticsManager]: Memory Pool: PS Eden Space (Heap memory): committed=503.00 MB, used=111.43 MB, max=801.50 MB, threshold=?
2021-02-02 21:04:01.716+0000 INFO  [o.n.k.i.DiagnosticsManager]: Memory Pool: PS Survivor Space (Heap memory): committed=11.00 MB, used=10.72 MB, max=11.00 MB, threshold=?
2021-02-02 21:04:01.716+0000 INFO  [o.n.k.i.DiagnosticsManager]: Memory Pool: PS Old Gen (Heap memory): committed=102.00 MB, used=36.27 MB, max=1.62 GB, threshold=0.00 B
2021-02-02 21:04:01.717+0000 INFO  [o.n.k.i.DiagnosticsManager]: Operating system information:
2021-02-02 21:04:01.717+0000 INFO  [o.n.k.i.DiagnosticsManager]: Operating System: Linux; version: 4.19.121-linuxkit; arch: amd64; cpus: 8
2021-02-02 21:04:01.718+0000 INFO  [o.n.k.i.DiagnosticsManager]: Max number of file descriptors: 1048576
2021-02-02 21:04:01.719+0000 INFO  [o.n.k.i.DiagnosticsManager]: Number of open file descriptors: 22
2021-02-02 21:04:01.719+0000 INFO  [o.n.k.i.DiagnosticsManager]: Process id: 1@7cdc0125cb9b
2021-02-02 21:04:01.720+0000 INFO  [o.n.k.i.DiagnosticsManager]: Byte order: LITTLE_ENDIAN
2021-02-02 21:04:01.720+0000 INFO  [o.n.k.i.DiagnosticsManager]: Local timezone: GMT
2021-02-02 21:04:01.721+0000 INFO  [o.n.k.i.DiagnosticsManager]: JVM information:
2021-02-02 21:04:01.721+0000 INFO  [o.n.k.i.DiagnosticsManager]: VM Name: OpenJDK 64-Bit Server VM
2021-02-02 21:04:01.721+0000 INFO  [o.n.k.i.DiagnosticsManager]: VM Vendor: IcedTea
2021-02-02 21:04:01.722+0000 INFO  [o.n.k.i.DiagnosticsManager]: VM Version: 25.212-b04
2021-02-02 21:04:01.722+0000 INFO  [o.n.k.i.DiagnosticsManager]: JIT compiler: HotSpot 64-Bit Tiered Compilers
2021-02-02 21:04:01.723+0000 INFO  [o.n.k.i.DiagnosticsManager]: VM Arguments: []
2021-02-02 21:04:01.723+0000 INFO  [o.n.k.i.DiagnosticsManager]: Java classpath:
2021-02-02 21:04:01.724+0000 INFO  [o.n.k.i.DiagnosticsManager]:  [loader.2] file:/usr/lib/jvm/java-1.8-openjdk/jre/lib/ext/sunec.jar
2021-02-02 21:04:01.724+0000 INFO  [o.n.k.i.DiagnosticsManager]:  [bootstrap] /usr/lib/jvm/java-1.8-openjdk/jre/lib/jce.jar
2021-02-02 21:04:01.725+0000 INFO  [o.n.k.i.DiagnosticsManager]:  [loader.2] file:/usr/lib/jvm/java-1.8-openjdk/jre/lib/ext/nashorn.jar
2021-02-02 21:04:01.725+0000 INFO  [o.n.k.i.DiagnosticsManager]:  [bootstrap] /usr/lib/jvm/java-1.8-openjdk/jre/lib/rt.jar
2021-02-02 21:04:01.726+0000 INFO  [o.n.k.i.DiagnosticsManager]:  [bootstrap] /usr/lib/jvm/java-1.8-openjdk/jre/lib/jsse.jar
2021-02-02 21:04:01.726+0000 INFO  [o.n.k.i.DiagnosticsManager]:  [bootstrap] /usr/lib/jvm/java-1.8-openjdk/jre/lib/sunrsasign.jar
2021-02-02 21:04:01.726+0000 INFO  [o.n.k.i.DiagnosticsManager]:  [loader.2] file:/usr/lib/jvm/java-1.8-openjdk/jre/lib/ext/localedata.jar
2021-02-02 21:04:01.727+0000 INFO  [o.n.k.i.DiagnosticsManager]:  [loader.2] file:/usr/lib/jvm/java-1.8-openjdk/jre/lib/ext/dnsns.jar
2021-02-02 21:04:01.727+0000 INFO  [o.n.k.i.DiagnosticsManager]:  [loader.2] file:/usr/lib/jvm/java-1.8-openjdk/jre/lib/ext/jaccess.jar
2021-02-02 21:04:01.728+0000 INFO  [o.n.k.i.DiagnosticsManager]:  [bootstrap] /usr/lib/jvm/java-1.8-openjdk/jre/classes
2021-02-02 21:04:01.728+0000 INFO  [o.n.k.i.DiagnosticsManager]:  [loader.2] file:/usr/lib/jvm/java-1.8-openjdk/jre/lib/ext/zipfs.jar
2021-02-02 21:04:01.728+0000 INFO  [o.n.k.i.DiagnosticsManager]:  [bootstrap] /usr/lib/jvm/java-1.8-openjdk/jre/lib/jfr.jar
2021-02-02 21:04:01.729+0000 INFO  [o.n.k.i.DiagnosticsManager]:  [loader.2] file:/usr/lib/jvm/java-1.8-openjdk/jre/lib/ext/sunjce_provider.jar
2021-02-02 21:04:01.729+0000 INFO  [o.n.k.i.DiagnosticsManager]:  [classpath + loader.1] file:/opt/ols-indexer.jar
2021-02-02 21:04:01.730+0000 INFO  [o.n.k.i.DiagnosticsManager]:  [loader.2] file:/usr/lib/jvm/java-1.8-openjdk/jre/lib/ext/sunpkcs11.jar
2021-02-02 21:04:01.730+0000 INFO  [o.n.k.i.DiagnosticsManager]:  [loader.2] file:/usr/lib/jvm/java-1.8-openjdk/jre/lib/ext/cldrdata.jar
2021-02-02 21:04:01.730+0000 INFO  [o.n.k.i.DiagnosticsManager]:  [bootstrap] /usr/lib/jvm/java-1.8-openjdk/jre/lib/resources.jar
2021-02-02 21:04:01.731+0000 INFO  [o.n.k.i.DiagnosticsManager]:  [bootstrap] /usr/lib/jvm/java-1.8-openjdk/jre/lib/charsets.jar
2021-02-02 21:04:01.731+0000 INFO  [o.n.k.i.DiagnosticsManager]: Library path:
2021-02-02 21:04:01.731+0000 INFO  [o.n.k.i.DiagnosticsManager]: /usr/lib/jvm/java-1.8-openjdk/jre/lib/amd64/server
2021-02-02 21:04:01.732+0000 INFO  [o.n.k.i.DiagnosticsManager]: /usr/lib/jvm/java-1.8-openjdk/jre/lib/amd64
2021-02-02 21:04:01.732+0000 INFO  [o.n.k.i.DiagnosticsManager]: /usr/lib/jvm/java-1.8-openjdk/lib/amd64
2021-02-02 21:04:01.733+0000 INFO  [o.n.k.i.DiagnosticsManager]: /usr/java/packages/lib/amd64
2021-02-02 21:04:01.733+0000 INFO  [o.n.k.i.DiagnosticsManager]: /usr/lib64
2021-02-02 21:04:01.734+0000 INFO  [o.n.k.i.DiagnosticsManager]: /lib64
2021-02-02 21:04:01.734+0000 INFO  [o.n.k.i.DiagnosticsManager]: /lib
2021-02-02 21:04:01.735+0000 INFO  [o.n.k.i.DiagnosticsManager]: /usr/lib
2021-02-02 21:04:01.735+0000 INFO  [o.n.k.i.DiagnosticsManager]: System.properties:
2021-02-02 21:04:01.735+0000 INFO  [o.n.k.i.DiagnosticsManager]: sun.boot.library.path = /usr/lib/jvm/java-1.8-openjdk/jre/lib/amd64
2021-02-02 21:04:01.736+0000 INFO  [o.n.k.i.DiagnosticsManager]: path.separator = :
2021-02-02 21:04:01.736+0000 INFO  [o.n.k.i.DiagnosticsManager]: file.encoding.pkg = sun.io
2021-02-02 21:04:01.737+0000 INFO  [o.n.k.i.DiagnosticsManager]: user.country = US
2021-02-02 21:04:01.737+0000 INFO  [o.n.k.i.DiagnosticsManager]: sun.java.launcher = SUN_STANDARD
2021-02-02 21:04:01.738+0000 INFO  [o.n.k.i.DiagnosticsManager]: sun.os.patch.level = unknown
2021-02-02 21:04:01.738+0000 INFO  [o.n.k.i.DiagnosticsManager]: PID = 1
2021-02-02 21:04:01.738+0000 INFO  [o.n.k.i.DiagnosticsManager]: user.dir = /
2021-02-02 21:04:01.739+0000 INFO  [o.n.k.i.DiagnosticsManager]: org.jboss.logging.provider = slf4j
2021-02-02 21:04:01.739+0000 INFO  [o.n.k.i.DiagnosticsManager]: sun.jnu.encoding = UTF-8
2021-02-02 21:04:01.740+0000 INFO  [o.n.k.i.DiagnosticsManager]: spring.beaninfo.ignore = true
2021-02-02 21:04:01.740+0000 INFO  [o.n.k.i.DiagnosticsManager]: sun.management.compiler = HotSpot 64-Bit Tiered Compilers
2021-02-02 21:04:01.740+0000 INFO  [o.n.k.i.DiagnosticsManager]: LOG_FILE = ols-indexer.log
2021-02-02 21:04:01.741+0000 INFO  [o.n.k.i.DiagnosticsManager]: user.home = /root
2021-02-02 21:04:01.741+0000 INFO  [o.n.k.i.DiagnosticsManager]: user.timezone = GMT
2021-02-02 21:04:01.741+0000 INFO  [o.n.k.i.DiagnosticsManager]: file.encoding = UTF-8
2021-02-02 21:04:01.742+0000 INFO  [o.n.k.i.DiagnosticsManager]: user.name = root
2021-02-02 21:04:01.742+0000 INFO  [o.n.k.i.DiagnosticsManager]: sun.java.command = /opt/ols-indexer.jar
2021-02-02 21:04:01.743+0000 INFO  [o.n.k.i.DiagnosticsManager]: sun.arch.data.model = 64
2021-02-02 21:04:01.743+0000 INFO  [o.n.k.i.DiagnosticsManager]: user.language = en
2021-02-02 21:04:01.744+0000 INFO  [o.n.k.i.DiagnosticsManager]: awt.toolkit = sun.awt.X11.XToolkit
2021-02-02 21:04:01.744+0000 INFO  [o.n.k.i.DiagnosticsManager]: file.separator = /
2021-02-02 21:04:01.744+0000 INFO  [o.n.k.i.DiagnosticsManager]: sun.io.unicode.encoding = UnicodeLittle
2021-02-02 21:04:01.745+0000 INFO  [o.n.k.i.DiagnosticsManager]: sun.cpu.endian = little
2021-02-02 21:04:01.745+0000 INFO  [o.n.k.i.DiagnosticsManager]: ols.home = /mnt/
2021-02-02 21:04:01.746+0000 INFO  [o.n.k.i.DiagnosticsManager]: sun.cpu.isalist = 
2021-02-02 21:04:01.746+0000 INFO  [o.n.k.i.DiagnosticsManager]: Linux scheduler information:
2021-02-02 21:04:01.747+0000 INFO  [o.n.k.i.DiagnosticsManager]: [mq-deadline] kyber none
2021-02-02 21:04:01.748+0000 INFO  [o.n.k.i.DiagnosticsManager]: none
2021-02-02 21:04:01.749+0000 INFO  [o.n.k.i.DiagnosticsManager]: [mq-deadline] kyber none
2021-02-02 21:04:01.749+0000 INFO  [o.n.k.i.DiagnosticsManager]: [mq-deadline] kyber none
2021-02-02 21:04:01.750+0000 INFO  [o.n.k.i.DiagnosticsManager]: none
2021-02-02 21:04:01.750+0000 INFO  [o.n.k.i.DiagnosticsManager]: [mq-deadline] kyber none
2021-02-02 21:04:01.751+0000 INFO  [o.n.k.i.DiagnosticsManager]: [mq-deadline] kyber none
2021-02-02 21:04:01.751+0000 INFO  [o.n.k.i.DiagnosticsManager]: none
2021-02-02 21:04:01.752+0000 INFO  [o.n.k.i.DiagnosticsManager]: [mq-deadline] kyber none
2021-02-02 21:04:01.752+0000 INFO  [o.n.k.i.DiagnosticsManager]: [mq-deadline] kyber none
2021-02-02 21:04:01.753+0000 INFO  [o.n.k.i.DiagnosticsManager]: none
2021-02-02 21:04:01.753+0000 INFO  [o.n.k.i.DiagnosticsManager]: none
2021-02-02 21:04:01.754+0000 INFO  [o.n.k.i.DiagnosticsManager]: [mq-deadline] kyber none
2021-02-02 21:04:01.754+0000 INFO  [o.n.k.i.DiagnosticsManager]: [mq-deadline] kyber none
2021-02-02 21:04:01.755+0000 INFO  [o.n.k.i.DiagnosticsManager]: none
2021-02-02 21:04:01.755+0000 INFO  [o.n.k.i.DiagnosticsManager]: none
2021-02-02 21:04:01.756+0000 INFO  [o.n.k.i.DiagnosticsManager]: [mq-deadline] kyber none
2021-02-02 21:04:01.756+0000 INFO  [o.n.k.i.DiagnosticsManager]: [mq-deadline] kyber none
2021-02-02 21:04:01.757+0000 INFO  [o.n.k.i.DiagnosticsManager]: none
2021-02-02 21:04:01.757+0000 INFO  [o.n.k.i.DiagnosticsManager]: none
2021-02-02 21:04:01.758+0000 INFO  [o.n.k.i.DiagnosticsManager]: [mq-deadline] kyber none
2021-02-02 21:04:01.758+0000 INFO  [o.n.k.i.DiagnosticsManager]: [mq-deadline] kyber none
2021-02-02 21:04:01.759+0000 INFO  [o.n.k.i.DiagnosticsManager]: none
2021-02-02 21:04:01.759+0000 INFO  [o.n.k.i.DiagnosticsManager]: [mq-deadline] kyber none
2021-02-02 21:04:01.760+0000 INFO  [o.n.k.i.DiagnosticsManager]: [mq-deadline] kyber none
2021-02-02 21:04:01.760+0000 INFO  [o.n.k.i.DiagnosticsManager]: [mq-deadline] kyber none
2021-02-02 21:04:01.761+0000 INFO  [o.n.k.i.DiagnosticsManager]: [mq-deadline] kyber none
2021-02-02 21:04:01.761+0000 INFO  [o.n.k.i.DiagnosticsManager]: [mq-deadline] kyber none
2021-02-02 21:04:01.762+0000 INFO  [o.n.k.i.DiagnosticsManager]: none
2021-02-02 21:04:01.762+0000 INFO  [o.n.k.i.DiagnosticsManager]: none
2021-02-02 21:04:01.763+0000 INFO  [o.n.k.i.DiagnosticsManager]: [mq-deadline] kyber none
2021-02-02 21:04:01.763+0000 INFO  [o.n.k.i.DiagnosticsManager]: [mq-deadline] kyber none
2021-02-02 21:04:01.763+0000 INFO  [o.n.k.i.DiagnosticsManager]: [mq-deadline] kyber none
2021-02-02 21:04:01.764+0000 INFO  [o.n.k.i.DiagnosticsManager]: none
2021-02-02 21:04:01.764+0000 INFO  [o.n.k.i.DiagnosticsManager]: [mq-deadline] kyber none
2021-02-02 21:04:01.765+0000 INFO  [o.n.k.i.DiagnosticsManager]: none
2021-02-02 21:04:01.765+0000 INFO  [o.n.k.i.DiagnosticsManager]: [mq-deadline] kyber none
2021-02-02 21:04:01.766+0000 INFO  [o.n.k.i.DiagnosticsManager]: [mq-deadline] kyber none
2021-02-02 21:04:01.766+0000 INFO  [o.n.k.i.DiagnosticsManager]: none
2021-02-02 21:04:01.767+0000 INFO  [o.n.k.i.DiagnosticsManager]: none
2021-02-02 21:04:01.767+0000 INFO  [o.n.k.i.DiagnosticsManager]: [mq-deadline] kyber none
2021-02-02 21:04:01.768+0000 INFO  [o.n.k.i.DiagnosticsManager]: Network information:
2021-02-02 21:04:01.768+0000 INFO  [o.n.k.i.DiagnosticsManager]: Interface eth0:
2021-02-02 21:04:01.769+0000 INFO  [o.n.k.i.DiagnosticsManager]:     address: 172.29.0.4
2021-02-02 21:04:01.769+0000 INFO  [o.n.k.i.DiagnosticsManager]: Interface lo:
2021-02-02 21:04:01.770+0000 INFO  [o.n.k.i.DiagnosticsManager]:     address: 127.0.0.1
2021-02-02 21:04:01.770+0000 INFO  [o.n.k.i.DiagnosticsManager]: --- INITIALIZED diagnostics END ---
2021-02-02 21:04:01.844+0000 INFO  [o.n.k.i.s.StoreFactory]: Creating new db @ /mnt/neo4j/neostore
2021-02-02 21:04:02.571+0000 INFO  [o.n.k.a.i.i.LuceneLabelScanStore]: No lucene scan store index found, this might just be first use. Preparing to rebuild.
2021-02-02 21:04:02.895+0000 INFO  [o.n.k.a.i.i.LuceneLabelScanStore]: No lucene scan store index found, this might just be first use. Preparing to rebuild.
2021-02-02 21:04:02.985+0000 INFO  [o.n.k.NeoStoreDataSource]: Opened logical log [/mnt/neo4j/neostore.transaction.db.0] version=0, lastTxId=1 (clean)
2021-02-02 21:04:03.008+0000 WARN  [o.n.k.i.s.StoreFactory]: Missing counts store, rebuilding it.
2021-02-02 21:04:03.105+0000 INFO  [o.n.k.a.i.i.LuceneLabelScanStore]: Rebuilding lucene scan store, this may take a while
2021-02-02 21:04:03.107+0000 INFO  [o.n.k.a.i.i.LuceneLabelScanStore]: Lucene scan store rebuilt (roughly -1 nodes)
2021-02-02 21:04:03.113+0000 INFO  [o.n.k.KernelHealth]: Kernel health set to OK
2021-02-02 21:04:03.513+0000 INFO  [o.n.k.i.DiagnosticsManager]: --- STARTED diagnostics for KernelDiagnostics:Versions START ---
2021-02-02 21:04:03.514+0000 INFO  [o.n.k.i.DiagnosticsManager]: Graph Database: org.neo4j.kernel.EmbeddedGraphDatabase StoreId{creationTime=1612299841844, randomId=5481763545969876219, storeVersion=14969031248344582, upgradeTime=1612299841844, upgradeId=1}
2021-02-02 21:04:03.515+0000 INFO  [o.n.k.i.DiagnosticsManager]: Kernel version: Neo4j - Graph Database Kernel (neo4j-kernel), version: 2.2.2
2021-02-02 21:04:03.515+0000 INFO  [o.n.k.i.DiagnosticsManager]: Neo4j component versions:
2021-02-02 21:04:03.518+0000 INFO  [o.n.k.i.DiagnosticsManager]:   Neo4j - Cypher Compiler 1.9 (neo4j-cypher-compiler-1.9), version: 2.0.4; revision: 2.0.4:2.0-maint:130/4a7d10bc274a5d26a180bbe9df25100e8a694748
2021-02-02 21:04:03.518+0000 INFO  [o.n.k.i.DiagnosticsManager]:   Neo4j - Cypher Compiler 2.2 (neo4j-cypher-compiler-2.2), version: 2.2.2; revision: 2.2.2:2.2:973/0ee8628da67da8c582a299d6aa109768be6886d7
2021-02-02 21:04:03.519+0000 INFO  [o.n.k.i.DiagnosticsManager]:   Neo4j - Consistency Checker (neo4j-consistency-check), version: 2.2.2; revision: 2.2.2:2.2:973/0ee8628da67da8c582a299d6aa109768be6886d7
2021-02-02 21:04:03.519+0000 INFO  [o.n.k.i.DiagnosticsManager]:   Neo4j - Graph Database Kernel (neo4j-kernel), version: 2.2.2; revision: 2.2.2:2.2:973/0ee8628da67da8c582a299d6aa109768be6886d7
2021-02-02 21:04:03.520+0000 INFO  [o.n.k.i.DiagnosticsManager]:   Neo4j - Cypher Compiler 2.1 (neo4j-cypher-compiler-2.1), version: 2.1.8; revision: 2.1.8:2.1-maint:687/5c83ce3a5ddf33259593f719153ce71a6fe89fc7
2021-02-02 21:04:03.520+0000 INFO  [o.n.k.i.DiagnosticsManager]:   Neo4j - Community (neo4j), version: 2.2.2; revision: 2.2.2:2.2:973/0ee8628da67da8c582a299d6aa109768be6886d7
2021-02-02 21:04:03.520+0000 INFO  [o.n.k.i.DiagnosticsManager]:   neo4j-udc, version: 2.2.2; revision: 2.2.2:2.2:973/0ee8628da67da8c582a299d6aa109768be6886d7
2021-02-02 21:04:03.521+0000 INFO  [o.n.k.i.DiagnosticsManager]:   Neo4j - Lucene Index (neo4j-lucene-index), version: 2.2.2; revision: 2.2.2:2.2:973/0ee8628da67da8c582a299d6aa109768be6886d7
2021-02-02 21:04:03.521+0000 INFO  [o.n.k.i.DiagnosticsManager]:   Neo4j - Cypher Compiler 2.0 (neo4j-cypher-compiler-2.0), version: 2.0.4; revision: 2.0.4:2.0-maint:130/4a7d10bc274a5d26a180bbe9df25100e8a694748
2021-02-02 21:04:03.522+0000 INFO  [o.n.k.i.DiagnosticsManager]:   Neo4j - Graph Matching (neo4j-graph-matching), version: 2.2.2; revision: 2.2.2:2.2:973/0ee8628da67da8c582a299d6aa109768be6886d7
2021-02-02 21:04:03.522+0000 INFO  [o.n.k.i.DiagnosticsManager]:   Neo4j - JMX support (neo4j-jmx), version: 2.2.2; revision: 2.2.2:2.2:973/0ee8628da67da8c582a299d6aa109768be6886d7
2021-02-02 21:04:03.522+0000 INFO  [o.n.k.i.DiagnosticsManager]:   Neo4j - Cypher (neo4j-cypher), version: 2.2.2; revision: 2.2.2:2.2:973/0ee8628da67da8c582a299d6aa109768be6886d7
2021-02-02 21:04:03.523+0000 INFO  [o.n.k.i.DiagnosticsManager]:   Neo4j - Graph Algorithms (neo4j-graph-algo), version: 2.2.2; revision: 2.2.2:2.2:973/0ee8628da67da8c582a299d6aa109768be6886d7
2021-02-02 21:04:03.523+0000 INFO  [o.n.k.i.DiagnosticsManager]: --- STARTED diagnostics for KernelDiagnostics:Versions END ---
2021-02-02 21:04:03.525+0000 INFO  [o.n.k.i.DiagnosticsManager]: --- STARTED diagnostics for NEO_STORE_VERSIONS START ---
2021-02-02 21:04:03.526+0000 INFO  [o.n.k.i.DiagnosticsManager]: Store versions:
2021-02-02 21:04:03.526+0000 INFO  [o.n.k.i.DiagnosticsManager]: Store versions:
2021-02-02 21:04:03.527+0000 INFO  [o.n.k.i.DiagnosticsManager]:   NeoStore v0.A.5
2021-02-02 21:04:03.527+0000 INFO  [o.n.k.i.DiagnosticsManager]:   SchemaStore v0.A.5
2021-02-02 21:04:03.527+0000 INFO  [o.n.k.i.DiagnosticsManager]:   NodeStore v0.A.5
2021-02-02 21:04:03.528+0000 INFO  [o.n.k.i.DiagnosticsManager]:   RelationshipStore v0.A.5
2021-02-02 21:04:03.528+0000 INFO  [o.n.k.i.DiagnosticsManager]:   RelationshipTypeStore v0.A.5
2021-02-02 21:04:03.529+0000 INFO  [o.n.k.i.DiagnosticsManager]:   LabelTokenStore v0.A.5
2021-02-02 21:04:03.529+0000 INFO  [o.n.k.i.DiagnosticsManager]:   PropertyStore v0.A.5
2021-02-02 21:04:03.529+0000 INFO  [o.n.k.i.DiagnosticsManager]:   PropertyIndexStore v0.A.5
2021-02-02 21:04:03.530+0000 INFO  [o.n.k.i.DiagnosticsManager]:   StringPropertyStore v0.A.5
2021-02-02 21:04:03.530+0000 INFO  [o.n.k.i.DiagnosticsManager]:   ArrayPropertyStore v0.A.5
2021-02-02 21:04:03.530+0000 INFO  [o.n.k.i.DiagnosticsManager]:   RelationshipGroupStore v0.A.5
2021-02-02 21:04:03.531+0000 INFO  [o.n.k.i.DiagnosticsManager]: --- STARTED diagnostics for NEO_STORE_VERSIONS END ---
2021-02-02 21:04:03.531+0000 INFO  [o.n.k.i.DiagnosticsManager]: --- STARTED diagnostics for NEO_STORE_ID_USAGE START ---
2021-02-02 21:04:03.532+0000 INFO  [o.n.k.i.DiagnosticsManager]: Id usage:
2021-02-02 21:04:03.532+0000 INFO  [o.n.k.i.DiagnosticsManager]: Id usage:
2021-02-02 21:04:03.532+0000 INFO  [o.n.k.i.DiagnosticsManager]:   SchemaStore: used=1 high=0
2021-02-02 21:04:03.533+0000 INFO  [o.n.k.i.DiagnosticsManager]:   NodeStore: used=0 high=-1
2021-02-02 21:04:03.533+0000 INFO  [o.n.k.i.DiagnosticsManager]:   RelationshipStore: used=0 high=-1
2021-02-02 21:04:03.534+0000 INFO  [o.n.k.i.DiagnosticsManager]:   RelationshipTypeStore: used=0 high=-1
2021-02-02 21:04:03.534+0000 INFO  [o.n.k.i.DiagnosticsManager]:   LabelTokenStore: used=0 high=-1
2021-02-02 21:04:03.534+0000 INFO  [o.n.k.i.DiagnosticsManager]:   PropertyStore: used=0 high=-1
2021-02-02 21:04:03.535+0000 INFO  [o.n.k.i.DiagnosticsManager]:   PropertyIndexStore: used=0 high=-1
2021-02-02 21:04:03.535+0000 INFO  [o.n.k.i.DiagnosticsManager]:   StringPropertyStore: used=1 high=0
2021-02-02 21:04:03.536+0000 INFO  [o.n.k.i.DiagnosticsManager]:   ArrayPropertyStore: used=1 high=0
2021-02-02 21:04:03.536+0000 INFO  [o.n.k.i.DiagnosticsManager]:   RelationshipGroupStore: used=1 high=0
2021-02-02 21:04:03.537+0000 INFO  [o.n.k.i.DiagnosticsManager]: --- STARTED diagnostics for NEO_STORE_ID_USAGE END ---
2021-02-02 21:04:03.537+0000 INFO  [o.n.k.i.DiagnosticsManager]: --- STARTED diagnostics for KernelDiagnostics:StoreFiles START ---
2021-02-02 21:04:03.539+0000 INFO  [o.n.k.i.DiagnosticsManager]: Disk space on partition (Total / Free / Free %): 2000796545024 / 1893230882816 / 94
Storage files: (filename : modification date - size)
2021-02-02 21:04:03.542+0000 INFO  [o.n.k.i.DiagnosticsManager]:   index:
2021-02-02 21:04:03.543+0000 INFO  [o.n.k.i.DiagnosticsManager]:   - Total: 2021-02-02T21:04:01+0000 - 0.00 B
2021-02-02 21:04:03.544+0000 INFO  [o.n.k.i.DiagnosticsManager]:   lock: 2021-02-02T21:04:02+0000 - 0.00 B
2021-02-02 21:04:03.544+0000 INFO  [o.n.k.i.DiagnosticsManager]:   messages.log: 2021-02-02T21:04:03+0000 - 22.32 kB
2021-02-02 21:04:03.545+0000 INFO  [o.n.k.i.DiagnosticsManager]:   neostore: 2021-02-02T21:04:02+0000 - 99.00 B
2021-02-02 21:04:03.546+0000 INFO  [o.n.k.i.DiagnosticsManager]:   neostore.counts.db.a: 2021-02-02T21:04:03+0000 - 114.00 B
2021-02-02 21:04:03.546+0000 INFO  [o.n.k.i.DiagnosticsManager]:   neostore.id: 2021-02-02T21:04:02+0000 - 9.00 B
2021-02-02 21:04:03.547+0000 INFO  [o.n.k.i.DiagnosticsManager]:   neostore.labeltokenstore.db: 2021-02-02T21:04:02+0000 - 0.00 B
2021-02-02 21:04:03.547+0000 INFO  [o.n.k.i.DiagnosticsManager]:   neostore.labeltokenstore.db.id: 2021-02-02T21:04:02+0000 - 9.00 B
2021-02-02 21:04:03.548+0000 INFO  [o.n.k.i.DiagnosticsManager]:   neostore.labeltokenstore.db.names: 2021-02-02T21:04:02+0000 - 38.00 B
2021-02-02 21:04:03.549+0000 INFO  [o.n.k.i.DiagnosticsManager]:   neostore.labeltokenstore.db.names.id: 2021-02-02T21:04:02+0000 - 9.00 B
2021-02-02 21:04:03.549+0000 INFO  [o.n.k.i.DiagnosticsManager]:   neostore.nodestore.db: 2021-02-02T21:04:02+0000 - 0.00 B
2021-02-02 21:04:03.550+0000 INFO  [o.n.k.i.DiagnosticsManager]:   neostore.nodestore.db.id: 2021-02-02T21:04:02+0000 - 9.00 B
2021-02-02 21:04:03.551+0000 INFO  [o.n.k.i.DiagnosticsManager]:   neostore.nodestore.db.labels: 2021-02-02T21:04:02+0000 - 68.00 B
2021-02-02 21:04:03.551+0000 INFO  [o.n.k.i.DiagnosticsManager]:   neostore.nodestore.db.labels.id: 2021-02-02T21:04:02+0000 - 9.00 B
2021-02-02 21:04:03.552+0000 INFO  [o.n.k.i.DiagnosticsManager]:   neostore.propertystore.db: 2021-02-02T21:04:02+0000 - 0.00 B
2021-02-02 21:04:03.553+0000 INFO  [o.n.k.i.DiagnosticsManager]:   neostore.propertystore.db.arrays: 2021-02-02T21:04:02+0000 - 128.00 B
2021-02-02 21:04:03.553+0000 INFO  [o.n.k.i.DiagnosticsManager]:   neostore.propertystore.db.arrays.id: 2021-02-02T21:04:02+0000 - 9.00 B
2021-02-02 21:04:03.554+0000 INFO  [o.n.k.i.DiagnosticsManager]:   neostore.propertystore.db.id: 2021-02-02T21:04:02+0000 - 9.00 B
2021-02-02 21:04:03.554+0000 INFO  [o.n.k.i.DiagnosticsManager]:   neostore.propertystore.db.index: 2021-02-02T21:04:02+0000 - 0.00 B
2021-02-02 21:04:03.554+0000 INFO  [o.n.k.i.DiagnosticsManager]:   neostore.propertystore.db.index.id: 2021-02-02T21:04:02+0000 - 9.00 B
2021-02-02 21:04:03.555+0000 INFO  [o.n.k.i.DiagnosticsManager]:   neostore.propertystore.db.index.keys: 2021-02-02T21:04:02+0000 - 38.00 B
2021-02-02 21:04:03.556+0000 INFO  [o.n.k.i.DiagnosticsManager]:   neostore.propertystore.db.index.keys.id: 2021-02-02T21:04:02+0000 - 9.00 B
2021-02-02 21:04:03.557+0000 INFO  [o.n.k.i.DiagnosticsManager]:   neostore.propertystore.db.strings: 2021-02-02T21:04:02+0000 - 128.00 B
2021-02-02 21:04:03.557+0000 INFO  [o.n.k.i.DiagnosticsManager]:   neostore.propertystore.db.strings.id: 2021-02-02T21:04:02+0000 - 9.00 B
2021-02-02 21:04:03.558+0000 INFO  [o.n.k.i.DiagnosticsManager]:   neostore.relationshipgroupstore.db: 2021-02-02T21:04:02+0000 - 25.00 B
2021-02-02 21:04:03.558+0000 INFO  [o.n.k.i.DiagnosticsManager]:   neostore.relationshipgroupstore.db.id: 2021-02-02T21:04:02+0000 - 9.00 B
2021-02-02 21:04:03.559+0000 INFO  [o.n.k.i.DiagnosticsManager]:   neostore.relationshipstore.db: 2021-02-02T21:04:02+0000 - 0.00 B
2021-02-02 21:04:03.559+0000 INFO  [o.n.k.i.DiagnosticsManager]:   neostore.relationshipstore.db.id: 2021-02-02T21:04:02+0000 - 9.00 B
2021-02-02 21:04:03.560+0000 INFO  [o.n.k.i.DiagnosticsManager]:   neostore.relationshiptypestore.db: 2021-02-02T21:04:02+0000 - 0.00 B
2021-02-02 21:04:03.560+0000 INFO  [o.n.k.i.DiagnosticsManager]:   neostore.relationshiptypestore.db.id: 2021-02-02T21:04:02+0000 - 9.00 B
2021-02-02 21:04:03.561+0000 INFO  [o.n.k.i.DiagnosticsManager]:   neostore.relationshiptypestore.db.names: 2021-02-02T21:04:02+0000 - 38.00 B
2021-02-02 21:04:03.562+0000 INFO  [o.n.k.i.DiagnosticsManager]:   neostore.relationshiptypestore.db.names.id: 2021-02-02T21:04:02+0000 - 9.00 B
2021-02-02 21:04:03.562+0000 INFO  [o.n.k.i.DiagnosticsManager]:   neostore.schemastore.db: 2021-02-02T21:04:02+0000 - 64.00 B
2021-02-02 21:04:03.563+0000 INFO  [o.n.k.i.DiagnosticsManager]:   neostore.schemastore.db.id: 2021-02-02T21:04:02+0000 - 9.00 B
2021-02-02 21:04:03.563+0000 INFO  [o.n.k.i.DiagnosticsManager]:   neostore.transaction.db.0: 2021-02-02T21:04:02+0000 - 16.00 B
2021-02-02 21:04:03.564+0000 INFO  [o.n.k.i.DiagnosticsManager]:   schema:
2021-02-02 21:04:03.566+0000 INFO  [o.n.k.i.DiagnosticsManager]:     label:
2021-02-02 21:04:03.567+0000 INFO  [o.n.k.i.DiagnosticsManager]:       lucene:
2021-02-02 21:04:03.568+0000 INFO  [o.n.k.i.DiagnosticsManager]:         write.lock: 2021-02-02T21:04:02+0000 - 0.00 B
2021-02-02 21:04:03.568+0000 INFO  [o.n.k.i.DiagnosticsManager]:       - Total: 2021-02-02T21:04:02+0000 - 0.00 B
2021-02-02 21:04:03.569+0000 INFO  [o.n.k.i.DiagnosticsManager]:     - Total: 2021-02-02T21:04:02+0000 - 0.00 B
2021-02-02 21:04:03.570+0000 INFO  [o.n.k.i.DiagnosticsManager]:   - Total: 2021-02-02T21:04:02+0000 - 0.00 B
2021-02-02 21:04:03.570+0000 INFO  [o.n.k.i.DiagnosticsManager]:   store_lock: 2021-02-02T21:04:01+0000 - 0.00 B
2021-02-02 21:04:03.571+0000 INFO  [o.n.k.i.DiagnosticsManager]: --- STARTED diagnostics for KernelDiagnostics:StoreFiles END ---
2021-02-02 21:04:03.610+0000 INFO  [o.n.k.EmbeddedGraphDatabase]: Database is now ready
2021-02-02 21:04:06.024+0000 WARN  [o.n.k.EmbeddedGraphDatabase]: GC Monitor: Application threads blocked for 309ms.
2021-02-02 21:04:08.082+0000 WARN  [o.n.k.EmbeddedGraphDatabase]: GC Monitor: Application threads blocked for 251ms.
2021-02-02 21:04:08.758+0000 INFO  [o.n.k.EmbeddedGraphDatabase]: Shutdown started
2021-02-02 21:04:08.759+0000 INFO  [o.n.k.EmbeddedGraphDatabase]: Database is now unavailable
2021-02-02 21:04:08.780+0000 INFO  [o.n.k.i.s.StoreFactory]: About to rotate counts store at transaction 2 to [/mnt/neo4j/neostore.counts.db.b], from [/mnt/neo4j/neostore.counts.db.a].
2021-02-02 21:04:08.804+0000 INFO  [o.n.k.i.s.StoreFactory]: Successfully rotated counts store at transaction 2 to [/mnt/neo4j/neostore.counts.db.b], from [/mnt/neo4j/neostore.counts.db.a].
2021-02-02 21:04:08.855+0000 INFO  [o.n.k.NeoStoreDataSource]: NeoStore closed
2021-02-02 21:04:08.856+0000 INFO  [o.n.k.i.DiagnosticsManager]: --- STOPPING diagnostics START ---
2021-02-02 21:04:08.857+0000 INFO  [o.n.k.i.DiagnosticsManager]: --- STOPPING diagnostics END ---
2021-02-02 21:04:09.390+0000 INFO  [org.neo4j]: Thread[main,5,main] Starting BatchInserter(EmbeddedBatchInserter[/mnt/neo4j])
2021-02-02 21:04:11.524+0000 INFO  [org.neo4j]: About to rotate counts store at transaction 2 to [/mnt/neo4j/neostore.counts.db.a], from [/mnt/neo4j/neostore.counts.db.b].
2021-02-02 21:04:11.573+0000 INFO  [org.neo4j]: Successfully rotated counts store at transaction 2 to [/mnt/neo4j/neostore.counts.db.a], from [/mnt/neo4j/neostore.counts.db.b].
2021-02-02 21:04:11.614+0000 INFO  [org.neo4j]: Thread[main,5,main] Clean shutdown on BatchInserter(EmbeddedBatchInserter[/mnt/neo4j])
2021-02-02 21:04:15.461+0000 INFO  [org.neo4j]: Thread[main,5,main] Starting BatchInserter(EmbeddedBatchInserter[/mnt/neo4j])
2021-02-02 21:04:18.698+0000 INFO  [org.neo4j]: About to rotate counts store at transaction 2 to [/mnt/neo4j/neostore.counts.db.b], from [/mnt/neo4j/neostore.counts.db.a].
2021-02-02 21:04:18.777+0000 INFO  [org.neo4j]: Successfully rotated counts store at transaction 2 to [/mnt/neo4j/neostore.counts.db.b], from [/mnt/neo4j/neostore.counts.db.a].
2021-02-02 21:04:18.818+0000 INFO  [org.neo4j]: Thread[main,5,main] Clean shutdown on BatchInserter(EmbeddedBatchInserter[/mnt/neo4j])
2021-02-02 21:08:40.550+0000 WARN  [o.n.k.EmbeddedGraphDatabase]: You are using an unsupported version of the Java runtime. Please use Oracle(R) Java(TM) Runtime Environment 7 or OpenJDK(TM) 7.
2021-02-02 21:08:40.618+0000 INFO  [o.n.i.p.PageCache]: Physical mem: 9968 MiB, Heap size: 2217 MiB, Page cache size: 1717 MiB.
2021-02-02 21:08:40.638+0000 INFO  [o.n.k.InternalAbstractGraphDatabase]: No locking implementation specified, defaulting to 'community'
2021-02-02 21:08:40.712+0000 INFO  [o.n.k.i.DiagnosticsManager]: --- INITIALIZED diagnostics START ---
2021-02-02 21:08:40.714+0000 INFO  [o.n.k.i.DiagnosticsManager]: Neo4j Kernel properties:
2021-02-02 21:08:40.717+0000 INFO  [o.n.k.i.DiagnosticsManager]: dump_configuration=true
2021-02-02 21:08:40.718+0000 INFO  [o.n.k.i.DiagnosticsManager]: store_dir=/mnt//neo4j
2021-02-02 21:08:40.719+0000 INFO  [o.n.k.i.DiagnosticsManager]: keep_logical_logs=false
2021-02-02 21:08:40.719+0000 INFO  [o.n.k.i.DiagnosticsManager]: ephemeral=false
2021-02-02 21:08:40.721+0000 INFO  [o.n.k.i.DiagnosticsManager]: Diagnostics providers:
2021-02-02 21:08:40.721+0000 INFO  [o.n.k.i.DiagnosticsManager]: org.neo4j.kernel.configuration.Config
2021-02-02 21:08:40.721+0000 INFO  [o.n.k.i.DiagnosticsManager]: org.neo4j.kernel.info.DiagnosticsManager
2021-02-02 21:08:40.722+0000 INFO  [o.n.k.i.DiagnosticsManager]: SYSTEM_MEMORY
2021-02-02 21:08:40.722+0000 INFO  [o.n.k.i.DiagnosticsManager]: JAVA_MEMORY
2021-02-02 21:08:40.723+0000 INFO  [o.n.k.i.DiagnosticsManager]: OPERATING_SYSTEM
2021-02-02 21:08:40.723+0000 INFO  [o.n.k.i.DiagnosticsManager]: JAVA_VIRTUAL_MACHINE
2021-02-02 21:08:40.723+0000 INFO  [o.n.k.i.DiagnosticsManager]: CLASSPATH
2021-02-02 21:08:40.724+0000 INFO  [o.n.k.i.DiagnosticsManager]: LIBRARY_PATH
2021-02-02 21:08:40.724+0000 INFO  [o.n.k.i.DiagnosticsManager]: SYSTEM_PROPERTIES
2021-02-02 21:08:40.725+0000 INFO  [o.n.k.i.DiagnosticsManager]: LINUX_SCHEDULERS
2021-02-02 21:08:40.725+0000 INFO  [o.n.k.i.DiagnosticsManager]: NETWORK
2021-02-02 21:08:40.726+0000 INFO  [o.n.k.i.DiagnosticsManager]: System memory information:
2021-02-02 21:08:40.728+0000 INFO  [o.n.k.i.DiagnosticsManager]: Total Physical memory: 9.73 GB
2021-02-02 21:08:40.728+0000 INFO  [o.n.k.i.DiagnosticsManager]: Free Physical memory: 3.97 GB
2021-02-02 21:08:40.729+0000 INFO  [o.n.k.i.DiagnosticsManager]: Committed virtual memory: 4.09 GB
2021-02-02 21:08:40.730+0000 INFO  [o.n.k.i.DiagnosticsManager]: Total swap space: 1024.00 MB
2021-02-02 21:08:40.730+0000 INFO  [o.n.k.i.DiagnosticsManager]: Free swap space: 1024.00 MB
2021-02-02 21:08:40.732+0000 INFO  [o.n.k.i.DiagnosticsManager]: JVM memory information:
2021-02-02 21:08:40.733+0000 INFO  [o.n.k.i.DiagnosticsManager]: Free  memory: 572.31 MB
2021-02-02 21:08:40.734+0000 INFO  [o.n.k.i.DiagnosticsManager]: Total memory: 957.50 MB
2021-02-02 21:08:40.734+0000 INFO  [o.n.k.i.DiagnosticsManager]: Max   memory: 2.17 GB
2021-02-02 21:08:40.735+0000 INFO  [o.n.k.i.DiagnosticsManager]: Garbage Collector: PS Scavenge: [PS Eden Space, PS Survivor Space]
2021-02-02 21:08:40.735+0000 INFO  [o.n.k.i.DiagnosticsManager]: Garbage Collector: PS MarkSweep: [PS Eden Space, PS Survivor Space, PS Old Gen]
2021-02-02 21:08:40.736+0000 INFO  [o.n.k.i.DiagnosticsManager]: Memory Pool: Code Cache (Non-heap memory): committed=14.56 MB, used=14.45 MB, max=240.00 MB, threshold=0.00 B
2021-02-02 21:08:40.737+0000 INFO  [o.n.k.i.DiagnosticsManager]: Memory Pool: Metaspace (Non-heap memory): committed=37.63 MB, used=37.10 MB, max=-1.00 B, threshold=0.00 B
2021-02-02 21:08:40.737+0000 INFO  [o.n.k.i.DiagnosticsManager]: Memory Pool: Compressed Class Space (Non-heap memory): committed=4.63 MB, used=4.45 MB, max=1.00 GB, threshold=0.00 B
2021-02-02 21:08:40.738+0000 INFO  [o.n.k.i.DiagnosticsManager]: Memory Pool: PS Eden Space (Heap memory): committed=768.00 MB, used=317.49 MB, max=776.00 MB, threshold=?
2021-02-02 21:08:40.738+0000 INFO  [o.n.k.i.DiagnosticsManager]: Memory Pool: PS Survivor Space (Heap memory): committed=23.50 MB, used=0.00 B, max=23.50 MB, threshold=?
2021-02-02 21:08:40.739+0000 INFO  [o.n.k.i.DiagnosticsManager]: Memory Pool: PS Old Gen (Heap memory): committed=166.00 MB, used=67.70 MB, max=1.62 GB, threshold=0.00 B
2021-02-02 21:08:40.740+0000 INFO  [o.n.k.i.DiagnosticsManager]: Operating system information:
2021-02-02 21:08:40.740+0000 INFO  [o.n.k.i.DiagnosticsManager]: Operating System: Linux; version: 4.19.121-linuxkit; arch: amd64; cpus: 8
2021-02-02 21:08:40.741+0000 INFO  [o.n.k.i.DiagnosticsManager]: Max number of file descriptors: 1048576
2021-02-02 21:08:40.742+0000 INFO  [o.n.k.i.DiagnosticsManager]: Number of open file descriptors: 107
2021-02-02 21:08:40.742+0000 INFO  [o.n.k.i.DiagnosticsManager]: Process id: 1@89194988ed36
2021-02-02 21:08:40.742+0000 INFO  [o.n.k.i.DiagnosticsManager]: Byte order: LITTLE_ENDIAN
2021-02-02 21:08:40.743+0000 INFO  [o.n.k.i.DiagnosticsManager]: Local timezone: GMT
2021-02-02 21:08:40.743+0000 INFO  [o.n.k.i.DiagnosticsManager]: JVM information:
2021-02-02 21:08:40.744+0000 INFO  [o.n.k.i.DiagnosticsManager]: VM Name: OpenJDK 64-Bit Server VM
2021-02-02 21:08:40.744+0000 INFO  [o.n.k.i.DiagnosticsManager]: VM Vendor: IcedTea
2021-02-02 21:08:40.745+0000 INFO  [o.n.k.i.DiagnosticsManager]: VM Version: 25.212-b04
2021-02-02 21:08:40.745+0000 INFO  [o.n.k.i.DiagnosticsManager]: JIT compiler: HotSpot 64-Bit Tiered Compilers
2021-02-02 21:08:40.745+0000 INFO  [o.n.k.i.DiagnosticsManager]: VM Arguments: []
2021-02-02 21:08:40.746+0000 INFO  [o.n.k.i.DiagnosticsManager]: Java classpath:
2021-02-02 21:08:40.747+0000 INFO  [o.n.k.i.DiagnosticsManager]:  [loader.2] file:/usr/lib/jvm/java-1.8-openjdk/jre/lib/ext/sunec.jar
2021-02-02 21:08:40.747+0000 INFO  [o.n.k.i.DiagnosticsManager]:  [bootstrap] /usr/lib/jvm/java-1.8-openjdk/jre/lib/jce.jar
2021-02-02 21:08:40.748+0000 INFO  [o.n.k.i.DiagnosticsManager]:  [loader.2] file:/usr/lib/jvm/java-1.8-openjdk/jre/lib/ext/nashorn.jar
2021-02-02 21:08:40.748+0000 INFO  [o.n.k.i.DiagnosticsManager]:  [bootstrap] /usr/lib/jvm/java-1.8-openjdk/jre/lib/rt.jar
2021-02-02 21:08:40.748+0000 INFO  [o.n.k.i.DiagnosticsManager]:  [bootstrap] /usr/lib/jvm/java-1.8-openjdk/jre/lib/jsse.jar
2021-02-02 21:08:40.749+0000 INFO  [o.n.k.i.DiagnosticsManager]:  [bootstrap] /usr/lib/jvm/java-1.8-openjdk/jre/lib/sunrsasign.jar
2021-02-02 21:08:40.749+0000 INFO  [o.n.k.i.DiagnosticsManager]:  [loader.2] file:/usr/lib/jvm/java-1.8-openjdk/jre/lib/ext/localedata.jar
2021-02-02 21:08:40.750+0000 INFO  [o.n.k.i.DiagnosticsManager]:  [loader.1] file:/opt/ols-boot.war
2021-02-02 21:08:40.750+0000 INFO  [o.n.k.i.DiagnosticsManager]:  [loader.2] file:/usr/lib/jvm/java-1.8-openjdk/jre/lib/ext/dnsns.jar
2021-02-02 21:08:40.751+0000 INFO  [o.n.k.i.DiagnosticsManager]:  [loader.2] file:/usr/lib/jvm/java-1.8-openjdk/jre/lib/ext/jaccess.jar
2021-02-02 21:08:40.751+0000 INFO  [o.n.k.i.DiagnosticsManager]:  [bootstrap] /usr/lib/jvm/java-1.8-openjdk/jre/classes
2021-02-02 21:08:40.751+0000 INFO  [o.n.k.i.DiagnosticsManager]:  [loader.2] file:/usr/lib/jvm/java-1.8-openjdk/jre/lib/ext/zipfs.jar
2021-02-02 21:08:40.752+0000 INFO  [o.n.k.i.DiagnosticsManager]:  [bootstrap] /usr/lib/jvm/java-1.8-openjdk/jre/lib/jfr.jar
2021-02-02 21:08:40.752+0000 INFO  [o.n.k.i.DiagnosticsManager]:  [loader.2] file:/usr/lib/jvm/java-1.8-openjdk/jre/lib/ext/sunjce_provider.jar
2021-02-02 21:08:40.753+0000 INFO  [o.n.k.i.DiagnosticsManager]:  [loader.2] file:/usr/lib/jvm/java-1.8-openjdk/jre/lib/ext/sunpkcs11.jar
2021-02-02 21:08:40.753+0000 INFO  [o.n.k.i.DiagnosticsManager]:  [loader.2] file:/usr/lib/jvm/java-1.8-openjdk/jre/lib/ext/cldrdata.jar
2021-02-02 21:08:40.753+0000 INFO  [o.n.k.i.DiagnosticsManager]:  [bootstrap] /usr/lib/jvm/java-1.8-openjdk/jre/lib/resources.jar
2021-02-02 21:08:40.754+0000 INFO  [o.n.k.i.DiagnosticsManager]:  [bootstrap] /usr/lib/jvm/java-1.8-openjdk/jre/lib/charsets.jar
2021-02-02 21:08:40.754+0000 INFO  [o.n.k.i.DiagnosticsManager]: Library path:
2021-02-02 21:08:40.755+0000 INFO  [o.n.k.i.DiagnosticsManager]: /usr/lib/jvm/java-1.8-openjdk/jre/lib/amd64/server
2021-02-02 21:08:40.755+0000 INFO  [o.n.k.i.DiagnosticsManager]: /usr/lib/jvm/java-1.8-openjdk/jre/lib/amd64
2021-02-02 21:08:40.756+0000 INFO  [o.n.k.i.DiagnosticsManager]: /usr/lib/jvm/java-1.8-openjdk/lib/amd64
2021-02-02 21:08:40.756+0000 INFO  [o.n.k.i.DiagnosticsManager]: /usr/java/packages/lib/amd64
2021-02-02 21:08:40.757+0000 INFO  [o.n.k.i.DiagnosticsManager]: /usr/lib64
2021-02-02 21:08:40.757+0000 INFO  [o.n.k.i.DiagnosticsManager]: /lib64
2021-02-02 21:08:40.758+0000 INFO  [o.n.k.i.DiagnosticsManager]: /lib
2021-02-02 21:08:40.758+0000 INFO  [o.n.k.i.DiagnosticsManager]: /usr/lib
2021-02-02 21:08:40.759+0000 INFO  [o.n.k.i.DiagnosticsManager]: System.properties:
2021-02-02 21:08:40.759+0000 INFO  [o.n.k.i.DiagnosticsManager]: sun.boot.library.path = /usr/lib/jvm/java-1.8-openjdk/jre/lib/amd64
2021-02-02 21:08:40.760+0000 INFO  [o.n.k.i.DiagnosticsManager]: path.separator = :
2021-02-02 21:08:40.760+0000 INFO  [o.n.k.i.DiagnosticsManager]: file.encoding.pkg = sun.io
2021-02-02 21:08:40.760+0000 INFO  [o.n.k.i.DiagnosticsManager]: user.country = US
2021-02-02 21:08:40.761+0000 INFO  [o.n.k.i.DiagnosticsManager]: sun.java.launcher = SUN_STANDARD
2021-02-02 21:08:40.761+0000 INFO  [o.n.k.i.DiagnosticsManager]: sun.os.patch.level = unknown
2021-02-02 21:08:40.762+0000 INFO  [o.n.k.i.DiagnosticsManager]: PID = 1
2021-02-02 21:08:40.766+0000 INFO  [o.n.k.i.DiagnosticsManager]: user.dir = /
2021-02-02 21:08:40.766+0000 INFO  [o.n.k.i.DiagnosticsManager]: org.jboss.logging.provider = slf4j
2021-02-02 21:08:40.767+0000 INFO  [o.n.k.i.DiagnosticsManager]: sun.jnu.encoding = UTF-8
2021-02-02 21:08:40.767+0000 INFO  [o.n.k.i.DiagnosticsManager]: spring.beaninfo.ignore = true
2021-02-02 21:08:40.768+0000 INFO  [o.n.k.i.DiagnosticsManager]: sun.management.compiler = HotSpot 64-Bit Tiered Compilers
2021-02-02 21:08:40.768+0000 INFO  [o.n.k.i.DiagnosticsManager]: user.home = /root
2021-02-02 21:08:40.769+0000 INFO  [o.n.k.i.DiagnosticsManager]: catalina.useNaming = false
2021-02-02 21:08:40.769+0000 INFO  [o.n.k.i.DiagnosticsManager]: user.timezone = GMT
2021-02-02 21:08:40.769+0000 INFO  [o.n.k.i.DiagnosticsManager]: file.encoding = UTF-8
2021-02-02 21:08:40.770+0000 INFO  [o.n.k.i.DiagnosticsManager]: catalina.home = /tmp/tomcat.7703316509364782038.8080
2021-02-02 21:08:40.770+0000 INFO  [o.n.k.i.DiagnosticsManager]: user.name = root
2021-02-02 21:08:40.771+0000 INFO  [o.n.k.i.DiagnosticsManager]: sun.java.command = /opt/ols-boot.war
2021-02-02 21:08:40.771+0000 INFO  [o.n.k.i.DiagnosticsManager]: sun.arch.data.model = 64
2021-02-02 21:08:40.772+0000 INFO  [o.n.k.i.DiagnosticsManager]: user.language = en
2021-02-02 21:08:40.772+0000 INFO  [o.n.k.i.DiagnosticsManager]: awt.toolkit = sun.awt.X11.XToolkit
2021-02-02 21:08:40.772+0000 INFO  [o.n.k.i.DiagnosticsManager]: catalina.base = /tmp/tomcat.7703316509364782038.8080
2021-02-02 21:08:40.773+0000 INFO  [o.n.k.i.DiagnosticsManager]: file.separator = /
2021-02-02 21:08:40.773+0000 INFO  [o.n.k.i.DiagnosticsManager]: sun.io.unicode.encoding = UnicodeLittle
2021-02-02 21:08:40.774+0000 INFO  [o.n.k.i.DiagnosticsManager]: sun.cpu.endian = little
2021-02-02 21:08:40.774+0000 INFO  [o.n.k.i.DiagnosticsManager]: ols.home = /mnt/
2021-02-02 21:08:40.775+0000 INFO  [o.n.k.i.DiagnosticsManager]: sun.cpu.isalist = 
2021-02-02 21:08:40.775+0000 INFO  [o.n.k.i.DiagnosticsManager]: Linux scheduler information:
2021-02-02 21:08:40.777+0000 INFO  [o.n.k.i.DiagnosticsManager]: [mq-deadline] kyber none
2021-02-02 21:08:40.777+0000 INFO  [o.n.k.i.DiagnosticsManager]: none
2021-02-02 21:08:40.778+0000 INFO  [o.n.k.i.DiagnosticsManager]: [mq-deadline] kyber none
2021-02-02 21:08:40.778+0000 INFO  [o.n.k.i.DiagnosticsManager]: [mq-deadline] kyber none
2021-02-02 21:08:40.779+0000 INFO  [o.n.k.i.DiagnosticsManager]: none
2021-02-02 21:08:40.779+0000 INFO  [o.n.k.i.DiagnosticsManager]: [mq-deadline] kyber none
2021-02-02 21:08:40.780+0000 INFO  [o.n.k.i.DiagnosticsManager]: [mq-deadline] kyber none
2021-02-02 21:08:40.781+0000 INFO  [o.n.k.i.DiagnosticsManager]: none
2021-02-02 21:08:40.781+0000 INFO  [o.n.k.i.DiagnosticsManager]: [mq-deadline] kyber none
2021-02-02 21:08:40.782+0000 INFO  [o.n.k.i.DiagnosticsManager]: [mq-deadline] kyber none
2021-02-02 21:08:40.782+0000 INFO  [o.n.k.i.DiagnosticsManager]: none
2021-02-02 21:08:40.783+0000 INFO  [o.n.k.i.DiagnosticsManager]: none
2021-02-02 21:08:40.783+0000 INFO  [o.n.k.i.DiagnosticsManager]: [mq-deadline] kyber none
2021-02-02 21:08:40.784+0000 INFO  [o.n.k.i.DiagnosticsManager]: [mq-deadline] kyber none
2021-02-02 21:08:40.784+0000 INFO  [o.n.k.i.DiagnosticsManager]: none
2021-02-02 21:08:40.785+0000 INFO  [o.n.k.i.DiagnosticsManager]: none
2021-02-02 21:08:40.785+0000 INFO  [o.n.k.i.DiagnosticsManager]: [mq-deadline] kyber none
2021-02-02 21:08:40.786+0000 INFO  [o.n.k.i.DiagnosticsManager]: [mq-deadline] kyber none
2021-02-02 21:08:40.786+0000 INFO  [o.n.k.i.DiagnosticsManager]: none
2021-02-02 21:08:40.787+0000 INFO  [o.n.k.i.DiagnosticsManager]: none
2021-02-02 21:08:40.787+0000 INFO  [o.n.k.i.DiagnosticsManager]: [mq-deadline] kyber none
2021-02-02 21:08:40.788+0000 INFO  [o.n.k.i.DiagnosticsManager]: [mq-deadline] kyber none
2021-02-02 21:08:40.789+0000 INFO  [o.n.k.i.DiagnosticsManager]: none
2021-02-02 21:08:40.789+0000 INFO  [o.n.k.i.DiagnosticsManager]: [mq-deadline] kyber none
2021-02-02 21:08:40.790+0000 INFO  [o.n.k.i.DiagnosticsManager]: [mq-deadline] kyber none
2021-02-02 21:08:40.790+0000 INFO  [o.n.k.i.DiagnosticsManager]: [mq-deadline] kyber none
2021-02-02 21:08:40.791+0000 INFO  [o.n.k.i.DiagnosticsManager]: [mq-deadline] kyber none
2021-02-02 21:08:40.791+0000 INFO  [o.n.k.i.DiagnosticsManager]: [mq-deadline] kyber none
2021-02-02 21:08:40.792+0000 INFO  [o.n.k.i.DiagnosticsManager]: none
2021-02-02 21:08:40.792+0000 INFO  [o.n.k.i.DiagnosticsManager]: none
2021-02-02 21:08:40.793+0000 INFO  [o.n.k.i.DiagnosticsManager]: [mq-deadline] kyber none
2021-02-02 21:08:40.793+0000 INFO  [o.n.k.i.DiagnosticsManager]: [mq-deadline] kyber none
2021-02-02 21:08:40.794+0000 INFO  [o.n.k.i.DiagnosticsManager]: [mq-deadline] kyber none
2021-02-02 21:08:40.794+0000 INFO  [o.n.k.i.DiagnosticsManager]: none
2021-02-02 21:08:40.795+0000 INFO  [o.n.k.i.DiagnosticsManager]: [mq-deadline] kyber none
2021-02-02 21:08:40.795+0000 INFO  [o.n.k.i.DiagnosticsManager]: none
2021-02-02 21:08:40.796+0000 INFO  [o.n.k.i.DiagnosticsManager]: [mq-deadline] kyber none
2021-02-02 21:08:40.796+0000 INFO  [o.n.k.i.DiagnosticsManager]: [mq-deadline] kyber none
2021-02-02 21:08:40.797+0000 INFO  [o.n.k.i.DiagnosticsManager]: none
2021-02-02 21:08:40.797+0000 INFO  [o.n.k.i.DiagnosticsManager]: none
2021-02-02 21:08:40.798+0000 INFO  [o.n.k.i.DiagnosticsManager]: [mq-deadline] kyber none
2021-02-02 21:08:40.798+0000 INFO  [o.n.k.i.DiagnosticsManager]: Network information:
2021-02-02 21:08:40.800+0000 INFO  [o.n.k.i.DiagnosticsManager]: Interface eth0:
2021-02-02 21:08:40.800+0000 INFO  [o.n.k.i.DiagnosticsManager]:     address: 172.29.0.6
2021-02-02 21:08:40.801+0000 INFO  [o.n.k.i.DiagnosticsManager]: Interface lo:
2021-02-02 21:08:40.801+0000 INFO  [o.n.k.i.DiagnosticsManager]:     address: 127.0.0.1
2021-02-02 21:08:40.802+0000 INFO  [o.n.k.i.DiagnosticsManager]: --- INITIALIZED diagnostics END ---
2021-02-02 21:08:41.464+0000 INFO  [o.n.k.i.a.i.IndexingService]: IndexingService.init: index 1 on :label[0](property[0]) is ONLINE
2021-02-02 21:08:41.583+0000 INFO  [o.n.k.i.a.i.IndexingService]: IndexingService.init: index 2 on :label[1](property[1]) is ONLINE
2021-02-02 21:08:41.601+0000 INFO  [o.n.k.i.a.i.IndexingService]: IndexingService.init: index 3 on :label[2](property[1]) is ONLINE
2021-02-02 21:08:41.619+0000 INFO  [o.n.k.i.a.i.IndexingService]: IndexingService.init: index 4 on :label[3](property[1]) is ONLINE
2021-02-02 21:08:41.651+0000 INFO  [o.n.k.i.a.i.IndexingService]: IndexingService.init: index 5 on :label[1](property[0]) is ONLINE
2021-02-02 21:08:41.689+0000 INFO  [o.n.k.i.a.i.IndexingService]: IndexingService.init: index 6 on :label[2](property[0]) is ONLINE
2021-02-02 21:08:41.723+0000 INFO  [o.n.k.i.a.i.IndexingService]: IndexingService.init: index 7 on :label[3](property[0]) is ONLINE
2021-02-02 21:08:41.758+0000 INFO  [o.n.k.i.a.i.IndexingService]: IndexingService.init: index 8 on :label[1](property[2]) is ONLINE
2021-02-02 21:08:41.790+0000 INFO  [o.n.k.i.a.i.IndexingService]: IndexingService.init: index 9 on :label[2](property[2]) is ONLINE
2021-02-02 21:08:41.823+0000 INFO  [o.n.k.i.a.i.IndexingService]: IndexingService.init: index 10 on :label[3](property[2]) is ONLINE
2021-02-02 21:08:41.859+0000 INFO  [o.n.k.i.a.i.IndexingService]: IndexingService.init: index 11 on :label[1](property[3]) is ONLINE
2021-02-02 21:08:41.886+0000 INFO  [o.n.k.i.a.i.IndexingService]: IndexingService.init: index 12 on :label[2](property[3]) is ONLINE
2021-02-02 21:08:41.914+0000 INFO  [o.n.k.i.a.i.IndexingService]: IndexingService.init: index 13 on :label[3](property[3]) is ONLINE
2021-02-02 21:08:41.943+0000 INFO  [o.n.k.i.a.i.IndexingService]: IndexingService.init: index 14 on :label[1](property[4]) is ONLINE
2021-02-02 21:08:41.976+0000 INFO  [o.n.k.i.a.i.IndexingService]: IndexingService.init: index 15 on :label[2](property[4]) is ONLINE
2021-02-02 21:08:42.007+0000 INFO  [o.n.k.i.a.i.IndexingService]: IndexingService.init: index 16 on :label[3](property[4]) is ONLINE
2021-02-02 21:08:42.058+0000 INFO  [o.n.k.NeoStoreDataSource]: Opened logical log [/mnt/neo4j/neostore.transaction.db.5] version=5, lastTxId=2 (clean)
2021-02-02 21:08:42.071+0000 INFO  [o.n.k.i.a.i.IndexingService]: IndexingService.start: index 1 on :Resource(iri) is ONLINE
2021-02-02 21:08:42.072+0000 INFO  [o.n.k.i.a.i.IndexingService]: IndexingService.start: index 2 on :Class(olsId) is ONLINE
2021-02-02 21:08:42.073+0000 INFO  [o.n.k.i.a.i.IndexingService]: IndexingService.start: index 3 on :Property(olsId) is ONLINE
2021-02-02 21:08:42.073+0000 INFO  [o.n.k.i.a.i.IndexingService]: IndexingService.start: index 4 on :Individual(olsId) is ONLINE
2021-02-02 21:08:42.074+0000 INFO  [o.n.k.i.a.i.IndexingService]: IndexingService.start: index 5 on :Class(iri) is ONLINE
2021-02-02 21:08:42.075+0000 INFO  [o.n.k.i.a.i.IndexingService]: IndexingService.start: index 6 on :Property(iri) is ONLINE
2021-02-02 21:08:42.075+0000 INFO  [o.n.k.i.a.i.IndexingService]: IndexingService.start: index 7 on :Individual(iri) is ONLINE
2021-02-02 21:08:42.076+0000 INFO  [o.n.k.i.a.i.IndexingService]: IndexingService.start: index 8 on :Class(short_form) is ONLINE
2021-02-02 21:08:42.076+0000 INFO  [o.n.k.i.a.i.IndexingService]: IndexingService.start: index 9 on :Property(short_form) is ONLINE
2021-02-02 21:08:42.077+0000 INFO  [o.n.k.i.a.i.IndexingService]: IndexingService.start: index 10 on :Individual(short_form) is ONLINE
2021-02-02 21:08:42.083+0000 INFO  [o.n.k.i.a.i.IndexingService]: IndexingService.start: index 11 on :Class(obo_id) is ONLINE
2021-02-02 21:08:42.084+0000 INFO  [o.n.k.i.a.i.IndexingService]: IndexingService.start: index 12 on :Property(obo_id) is ONLINE
2021-02-02 21:08:42.085+0000 INFO  [o.n.k.i.a.i.IndexingService]: IndexingService.start: index 13 on :Individual(obo_id) is ONLINE
2021-02-02 21:08:42.085+0000 INFO  [o.n.k.i.a.i.IndexingService]: IndexingService.start: index 14 on :Class(ontology_name) is ONLINE
2021-02-02 21:08:42.086+0000 INFO  [o.n.k.i.a.i.IndexingService]: IndexingService.start: index 15 on :Property(ontology_name) is ONLINE
2021-02-02 21:08:42.087+0000 INFO  [o.n.k.i.a.i.IndexingService]: IndexingService.start: index 16 on :Individual(ontology_name) is ONLINE
2021-02-02 21:08:42.090+0000 WARN  [o.n.k.i.a.i.s.IndexSamplingController]: Recovering index sampling for index :Class(olsId)
2021-02-02 21:08:42.098+0000 INFO  [o.n.k.i.a.i.s.OnlineIndexSamplingJob]: Sampled index :Class(olsId) with 0 unique values in sample of avg size 0 taken from index containing 0 entries
2021-02-02 21:08:42.100+0000 WARN  [o.n.k.i.a.i.s.IndexSamplingController]: Recovering index sampling for index :Class(obo_id)
2021-02-02 21:08:42.101+0000 INFO  [o.n.k.i.a.i.s.OnlineIndexSamplingJob]: Sampled index :Class(obo_id) with 0 unique values in sample of avg size 0 taken from index containing 0 entries
2021-02-02 21:08:42.102+0000 WARN  [o.n.k.i.a.i.s.IndexSamplingController]: Recovering index sampling for index :Individual(olsId)
2021-02-02 21:08:42.103+0000 INFO  [o.n.k.i.a.i.s.OnlineIndexSamplingJob]: Sampled index :Individual(olsId) with 0 unique values in sample of avg size 0 taken from index containing 0 entries
2021-02-02 21:08:42.104+0000 WARN  [o.n.k.i.a.i.s.IndexSamplingController]: Recovering index sampling for index :Property(olsId)
2021-02-02 21:08:42.105+0000 INFO  [o.n.k.i.a.i.s.OnlineIndexSamplingJob]: Sampled index :Property(olsId) with 0 unique values in sample of avg size 0 taken from index containing 0 entries
2021-02-02 21:08:42.117+0000 INFO  [o.n.k.KernelHealth]: Kernel health set to OK
2021-02-02 21:08:42.650+0000 INFO  [o.n.k.i.DiagnosticsManager]: --- STARTED diagnostics for KernelDiagnostics:Versions START ---
2021-02-02 21:08:42.651+0000 INFO  [o.n.k.i.DiagnosticsManager]: Graph Database: org.neo4j.kernel.EmbeddedGraphDatabase StoreId{creationTime=1612299841844, randomId=5481763545969876219, storeVersion=14969031248344582, upgradeTime=1612299841844, upgradeId=1}
2021-02-02 21:08:42.651+0000 INFO  [o.n.k.i.DiagnosticsManager]: Kernel version: Neo4j - Graph Database Kernel (neo4j-kernel), version: 2.2.2
2021-02-02 21:08:42.652+0000 INFO  [o.n.k.i.DiagnosticsManager]: Neo4j component versions:
2021-02-02 21:08:42.667+0000 INFO  [o.n.k.i.DiagnosticsManager]:   Neo4j - Cypher Compiler 1.9 (neo4j-cypher-compiler-1.9), version: 2.0.4; revision: 2.0.4:2.0-maint:130/4a7d10bc274a5d26a180bbe9df25100e8a694748
2021-02-02 21:08:42.668+0000 INFO  [o.n.k.i.DiagnosticsManager]:   Neo4j - Cypher Compiler 2.2 (neo4j-cypher-compiler-2.2), version: 2.2.2; revision: 2.2.2:2.2:973/0ee8628da67da8c582a299d6aa109768be6886d7
2021-02-02 21:08:42.669+0000 INFO  [o.n.k.i.DiagnosticsManager]:   Neo4j - Consistency Checker (neo4j-consistency-check), version: 2.2.2; revision: 2.2.2:2.2:973/0ee8628da67da8c582a299d6aa109768be6886d7
2021-02-02 21:08:42.669+0000 INFO  [o.n.k.i.DiagnosticsManager]:   Neo4j - Graph Database Kernel (neo4j-kernel), version: 2.2.2; revision: 2.2.2:2.2:973/0ee8628da67da8c582a299d6aa109768be6886d7
2021-02-02 21:08:42.670+0000 INFO  [o.n.k.i.DiagnosticsManager]:   Neo4j - Cypher Compiler 2.1 (neo4j-cypher-compiler-2.1), version: 2.1.8; revision: 2.1.8:2.1-maint:687/5c83ce3a5ddf33259593f719153ce71a6fe89fc7
2021-02-02 21:08:42.671+0000 INFO  [o.n.k.i.DiagnosticsManager]:   Neo4j - Community (neo4j), version: 2.2.2; revision: 2.2.2:2.2:973/0ee8628da67da8c582a299d6aa109768be6886d7
2021-02-02 21:08:42.671+0000 INFO  [o.n.k.i.DiagnosticsManager]:   neo4j-udc, version: 2.2.2; revision: 2.2.2:2.2:973/0ee8628da67da8c582a299d6aa109768be6886d7
2021-02-02 21:08:42.672+0000 INFO  [o.n.k.i.DiagnosticsManager]:   Neo4j - Lucene Index (neo4j-lucene-index), version: 2.2.2; revision: 2.2.2:2.2:973/0ee8628da67da8c582a299d6aa109768be6886d7
2021-02-02 21:08:42.672+0000 INFO  [o.n.k.i.DiagnosticsManager]:   Neo4j - Cypher Compiler 2.0 (neo4j-cypher-compiler-2.0), version: 2.0.4; revision: 2.0.4:2.0-maint:130/4a7d10bc274a5d26a180bbe9df25100e8a694748
2021-02-02 21:08:42.673+0000 INFO  [o.n.k.i.DiagnosticsManager]:   Neo4j - Graph Matching (neo4j-graph-matching), version: 2.2.2; revision: 2.2.2:2.2:973/0ee8628da67da8c582a299d6aa109768be6886d7
2021-02-02 21:08:42.673+0000 INFO  [o.n.k.i.DiagnosticsManager]:   Neo4j - JMX support (neo4j-jmx), version: 2.2.2; revision: 2.2.2:2.2:973/0ee8628da67da8c582a299d6aa109768be6886d7
2021-02-02 21:08:42.679+0000 INFO  [o.n.k.i.DiagnosticsManager]:   Neo4j - Cypher (neo4j-cypher), version: 2.2.2; revision: 2.2.2:2.2:973/0ee8628da67da8c582a299d6aa109768be6886d7
2021-02-02 21:08:42.680+0000 INFO  [o.n.k.i.DiagnosticsManager]:   Neo4j - Graph Algorithms (neo4j-graph-algo), version: 2.2.2; revision: 2.2.2:2.2:973/0ee8628da67da8c582a299d6aa109768be6886d7
2021-02-02 21:08:42.681+0000 INFO  [o.n.k.i.DiagnosticsManager]: --- STARTED diagnostics for KernelDiagnostics:Versions END ---
2021-02-02 21:08:42.684+0000 INFO  [o.n.k.i.DiagnosticsManager]: --- STARTED diagnostics for NEO_STORE_VERSIONS START ---
2021-02-02 21:08:42.686+0000 INFO  [o.n.k.i.DiagnosticsManager]: Store versions:
2021-02-02 21:08:42.686+0000 INFO  [o.n.k.i.DiagnosticsManager]: Store versions:
2021-02-02 21:08:42.688+0000 INFO  [o.n.k.i.DiagnosticsManager]:   NeoStore v0.A.5
2021-02-02 21:08:42.688+0000 INFO  [o.n.k.i.DiagnosticsManager]:   SchemaStore v0.A.5
2021-02-02 21:08:42.689+0000 INFO  [o.n.k.i.DiagnosticsManager]:   NodeStore v0.A.5
2021-02-02 21:08:42.689+0000 INFO  [o.n.k.i.DiagnosticsManager]:   RelationshipStore v0.A.5
2021-02-02 21:08:42.690+0000 INFO  [o.n.k.i.DiagnosticsManager]:   RelationshipTypeStore v0.A.5
2021-02-02 21:08:42.691+0000 INFO  [o.n.k.i.DiagnosticsManager]:   LabelTokenStore v0.A.5
2021-02-02 21:08:42.691+0000 INFO  [o.n.k.i.DiagnosticsManager]:   PropertyStore v0.A.5
2021-02-02 21:08:42.692+0000 INFO  [o.n.k.i.DiagnosticsManager]:   PropertyIndexStore v0.A.5
2021-02-02 21:08:42.692+0000 INFO  [o.n.k.i.DiagnosticsManager]:   StringPropertyStore v0.A.5
2021-02-02 21:08:42.693+0000 INFO  [o.n.k.i.DiagnosticsManager]:   ArrayPropertyStore v0.A.5
2021-02-02 21:08:42.694+0000 INFO  [o.n.k.i.DiagnosticsManager]:   RelationshipGroupStore v0.A.5
2021-02-02 21:08:42.694+0000 INFO  [o.n.k.i.DiagnosticsManager]: --- STARTED diagnostics for NEO_STORE_VERSIONS END ---
2021-02-02 21:08:42.696+0000 INFO  [o.n.k.i.DiagnosticsManager]: --- STARTED diagnostics for NEO_STORE_ID_USAGE START ---
2021-02-02 21:08:42.696+0000 INFO  [o.n.k.i.DiagnosticsManager]: Id usage:
2021-02-02 21:08:42.697+0000 INFO  [o.n.k.i.DiagnosticsManager]: Id usage:
2021-02-02 21:08:42.698+0000 INFO  [o.n.k.i.DiagnosticsManager]:   SchemaStore: used=17 high=16
2021-02-02 21:08:42.698+0000 INFO  [o.n.k.i.DiagnosticsManager]:   NodeStore: used=2344 high=2343
2021-02-02 21:08:42.699+0000 INFO  [o.n.k.i.DiagnosticsManager]:   RelationshipStore: used=3136 high=3135
2021-02-02 21:08:42.700+0000 INFO  [o.n.k.i.DiagnosticsManager]:   RelationshipTypeStore: used=4 high=3
2021-02-02 21:08:42.700+0000 INFO  [o.n.k.i.DiagnosticsManager]:   LabelTokenStore: used=10 high=9
2021-02-02 21:08:42.701+0000 INFO  [o.n.k.i.DiagnosticsManager]:   PropertyStore: used=11750 high=11749
2021-02-02 21:08:42.701+0000 INFO  [o.n.k.i.DiagnosticsManager]:   PropertyIndexStore: used=21 high=20
2021-02-02 21:08:42.702+0000 INFO  [o.n.k.i.DiagnosticsManager]:   StringPropertyStore: used=5034 high=5033
2021-02-02 21:08:42.703+0000 INFO  [o.n.k.i.DiagnosticsManager]:   ArrayPropertyStore: used=3117 high=3116
2021-02-02 21:08:42.703+0000 INFO  [o.n.k.i.DiagnosticsManager]:   RelationshipGroupStore: used=10 high=9
2021-02-02 21:08:42.703+0000 INFO  [o.n.k.i.DiagnosticsManager]: --- STARTED diagnostics for NEO_STORE_ID_USAGE END ---
2021-02-02 21:08:42.704+0000 INFO  [o.n.k.i.DiagnosticsManager]: --- STARTED diagnostics for KernelDiagnostics:StoreFiles START ---
2021-02-02 21:08:42.706+0000 INFO  [o.n.k.i.DiagnosticsManager]: Disk space on partition (Total / Free / Free %): 2000796545024 / 1892673507328 / 94
Storage files: (filename : modification date - size)
2021-02-02 21:08:42.710+0000 INFO  [o.n.k.i.DiagnosticsManager]:   index:
2021-02-02 21:08:42.711+0000 INFO  [o.n.k.i.DiagnosticsManager]:     lucene:
2021-02-02 21:08:42.712+0000 INFO  [o.n.k.i.DiagnosticsManager]:       node:
2021-02-02 21:08:42.714+0000 INFO  [o.n.k.i.DiagnosticsManager]:         Resource:
2021-02-02 21:08:42.715+0000 INFO  [o.n.k.i.DiagnosticsManager]:           _2.fdt: 2021-02-02T21:04:16+0000 - 55.65 kB
2021-02-02 21:08:42.715+0000 INFO  [o.n.k.i.DiagnosticsManager]:           _2.fdx: 2021-02-02T21:04:16+0000 - 6.04 kB
2021-02-02 21:08:42.716+0000 INFO  [o.n.k.i.DiagnosticsManager]:           _2.fnm: 2021-02-02T21:04:16+0000 - 24.00 B
2021-02-02 21:08:42.716+0000 INFO  [o.n.k.i.DiagnosticsManager]:           _2.frq: 2021-02-02T21:04:16+0000 - 4.34 kB
2021-02-02 21:08:42.717+0000 INFO  [o.n.k.i.DiagnosticsManager]:           _2.nrm: 2021-02-02T21:04:16+0000 - 776.00 B
2021-02-02 21:08:42.718+0000 INFO  [o.n.k.i.DiagnosticsManager]:           _2.prx: 2021-02-02T21:04:16+0000 - 2.26 kB
2021-02-02 21:08:42.719+0000 INFO  [o.n.k.i.DiagnosticsManager]:           _2.tii: 2021-02-02T21:04:16+0000 - 489.00 B
2021-02-02 21:08:42.719+0000 INFO  [o.n.k.i.DiagnosticsManager]:           _2.tis: 2021-02-02T21:04:16+0000 - 27.54 kB
2021-02-02 21:08:42.720+0000 INFO  [o.n.k.i.DiagnosticsManager]:           segments.gen: 2021-02-02T21:04:17+0000 - 20.00 B
2021-02-02 21:08:42.720+0000 INFO  [o.n.k.i.DiagnosticsManager]:           segments_2: 2021-02-02T21:04:16+0000 - 276.00 B
2021-02-02 21:08:42.721+0000 INFO  [o.n.k.i.DiagnosticsManager]:         - Total: 2021-02-02T21:04:17+0000 - 97.38 kB
2021-02-02 21:08:42.722+0000 INFO  [o.n.k.i.DiagnosticsManager]:       - Total: 2021-02-02T21:04:09+0000 - 97.38 kB
2021-02-02 21:08:42.722+0000 INFO  [o.n.k.i.DiagnosticsManager]:     - Total: 2021-02-02T21:04:09+0000 - 97.38 kB
2021-02-02 21:08:42.723+0000 INFO  [o.n.k.i.DiagnosticsManager]:   - Total: 2021-02-02T21:04:09+0000 - 97.38 kB
2021-02-02 21:08:42.724+0000 INFO  [o.n.k.i.DiagnosticsManager]:   index.db: 2021-02-02T21:04:09+0000 - 205.00 B
2021-02-02 21:08:42.724+0000 INFO  [o.n.k.i.DiagnosticsManager]:   lock: 2021-02-02T21:08:41+0000 - 0.00 B
2021-02-02 21:08:42.725+0000 INFO  [o.n.k.i.DiagnosticsManager]:   messages.log: 2021-02-02T21:08:42+0000 - 58.83 kB
2021-02-02 21:08:42.727+0000 INFO  [o.n.k.i.DiagnosticsManager]:   neostore: 2021-02-02T21:08:41+0000 - 99.00 B
2021-02-02 21:08:42.727+0000 INFO  [o.n.k.i.DiagnosticsManager]:   neostore.counts.db.a: 2021-02-02T21:04:19+0000 - 2.96 kB
2021-02-02 21:08:42.728+0000 INFO  [o.n.k.i.DiagnosticsManager]:   neostore.counts.db.b: 2021-02-02T21:04:18+0000 - 2.96 kB
2021-02-02 21:08:42.728+0000 INFO  [o.n.k.i.DiagnosticsManager]:   neostore.id: 2021-02-02T21:08:41+0000 - 9.00 B
2021-02-02 21:08:42.729+0000 INFO  [o.n.k.i.DiagnosticsManager]:   neostore.labeltokenstore.db: 2021-02-02T21:08:41+0000 - 50.00 B
2021-02-02 21:08:42.730+0000 INFO  [o.n.k.i.DiagnosticsManager]:   neostore.labeltokenstore.db.id: 2021-02-02T21:08:41+0000 - 9.00 B
2021-02-02 21:08:42.731+0000 INFO  [o.n.k.i.DiagnosticsManager]:   neostore.labeltokenstore.db.names: 2021-02-02T21:08:41+0000 - 418.00 B
2021-02-02 21:08:42.732+0000 INFO  [o.n.k.i.DiagnosticsManager]:   neostore.labeltokenstore.db.names.id: 2021-02-02T21:08:41+0000 - 9.00 B
2021-02-02 21:08:42.734+0000 INFO  [o.n.k.i.DiagnosticsManager]:   neostore.nodestore.db: 2021-02-02T21:08:41+0000 - 34.34 kB
2021-02-02 21:08:42.734+0000 INFO  [o.n.k.i.DiagnosticsManager]:   neostore.nodestore.db.id: 2021-02-02T21:08:41+0000 - 9.00 B
2021-02-02 21:08:42.736+0000 INFO  [o.n.k.i.DiagnosticsManager]:   neostore.nodestore.db.labels: 2021-02-02T21:08:41+0000 - 68.00 B
2021-02-02 21:08:42.736+0000 INFO  [o.n.k.i.DiagnosticsManager]:   neostore.nodestore.db.labels.id: 2021-02-02T21:08:41+0000 - 9.00 B
2021-02-02 21:08:42.737+0000 INFO  [o.n.k.i.DiagnosticsManager]:   neostore.propertystore.db: 2021-02-02T21:08:41+0000 - 470.46 kB
2021-02-02 21:08:42.739+0000 INFO  [o.n.k.i.DiagnosticsManager]:   neostore.propertystore.db.arrays: 2021-02-02T21:08:41+0000 - 389.63 kB
2021-02-02 21:08:42.739+0000 INFO  [o.n.k.i.DiagnosticsManager]:   neostore.propertystore.db.arrays.id: 2021-02-02T21:08:41+0000 - 9.00 B
2021-02-02 21:08:42.740+0000 INFO  [o.n.k.i.DiagnosticsManager]:   neostore.propertystore.db.id: 2021-02-02T21:08:41+0000 - 9.00 B
2021-02-02 21:08:42.741+0000 INFO  [o.n.k.i.DiagnosticsManager]:   neostore.propertystore.db.index: 2021-02-02T21:08:41+0000 - 189.00 B
2021-02-02 21:08:42.742+0000 INFO  [o.n.k.i.DiagnosticsManager]:   neostore.propertystore.db.index.id: 2021-02-02T21:08:41+0000 - 9.00 B
2021-02-02 21:08:42.744+0000 INFO  [o.n.k.i.DiagnosticsManager]:   neostore.propertystore.db.index.keys: 2021-02-02T21:08:41+0000 - 836.00 B
2021-02-02 21:08:42.744+0000 INFO  [o.n.k.i.DiagnosticsManager]:   neostore.propertystore.db.index.keys.id: 2021-02-02T21:08:41+0000 - 9.00 B
2021-02-02 21:08:42.746+0000 INFO  [o.n.k.i.DiagnosticsManager]:   neostore.propertystore.db.strings: 2021-02-02T21:08:41+0000 - 629.25 kB
2021-02-02 21:08:42.747+0000 INFO  [o.n.k.i.DiagnosticsManager]:   neostore.propertystore.db.strings.id: 2021-02-02T21:08:41+0000 - 9.00 B
2021-02-02 21:08:42.748+0000 INFO  [o.n.k.i.DiagnosticsManager]:   neostore.relationshipgroupstore.db: 2021-02-02T21:08:41+0000 - 250.00 B
2021-02-02 21:08:42.749+0000 INFO  [o.n.k.i.DiagnosticsManager]:   neostore.relationshipgroupstore.db.id: 2021-02-02T21:08:41+0000 - 9.00 B
2021-02-02 21:08:42.750+0000 INFO  [o.n.k.i.DiagnosticsManager]:   neostore.relationshipstore.db: 2021-02-02T21:08:41+0000 - 104.13 kB
2021-02-02 21:08:42.751+0000 INFO  [o.n.k.i.DiagnosticsManager]:   neostore.relationshipstore.db.id: 2021-02-02T21:08:41+0000 - 9.00 B
2021-02-02 21:08:42.752+0000 INFO  [o.n.k.i.DiagnosticsManager]:   neostore.relationshiptypestore.db: 2021-02-02T21:08:41+0000 - 20.00 B
2021-02-02 21:08:42.753+0000 INFO  [o.n.k.i.DiagnosticsManager]:   neostore.relationshiptypestore.db.id: 2021-02-02T21:08:41+0000 - 9.00 B
2021-02-02 21:08:42.754+0000 INFO  [o.n.k.i.DiagnosticsManager]:   neostore.relationshiptypestore.db.names: 2021-02-02T21:08:40+0000 - 190.00 B
2021-02-02 21:08:42.755+0000 INFO  [o.n.k.i.DiagnosticsManager]:   neostore.relationshiptypestore.db.names.id: 2021-02-02T21:08:41+0000 - 9.00 B
2021-02-02 21:08:42.756+0000 INFO  [o.n.k.i.DiagnosticsManager]:   neostore.schemastore.db: 2021-02-02T21:08:41+0000 - 1.06 kB
2021-02-02 21:08:42.757+0000 INFO  [o.n.k.i.DiagnosticsManager]:   neostore.schemastore.db.id: 2021-02-02T21:08:41+0000 - 9.00 B
2021-02-02 21:08:42.758+0000 INFO  [o.n.k.i.DiagnosticsManager]:   neostore.transaction.db.0: 2021-02-02T21:04:05+0000 - 135.00 B
2021-02-02 21:08:42.759+0000 INFO  [o.n.k.i.DiagnosticsManager]:   neostore.transaction.db.1: 2021-02-02T21:04:09+0000 - 16.00 B
2021-02-02 21:08:42.761+0000 INFO  [o.n.k.i.DiagnosticsManager]:   neostore.transaction.db.2: 2021-02-02T21:04:12+0000 - 16.00 B
2021-02-02 21:08:42.762+0000 INFO  [o.n.k.i.DiagnosticsManager]:   neostore.transaction.db.3: 2021-02-02T21:04:15+0000 - 16.00 B
2021-02-02 21:08:42.763+0000 INFO  [o.n.k.i.DiagnosticsManager]:   neostore.transaction.db.4: 2021-02-02T21:04:19+0000 - 16.00 B
2021-02-02 21:08:42.764+0000 INFO  [o.n.k.i.DiagnosticsManager]:   neostore.transaction.db.5: 2021-02-02T21:08:42+0000 - 16.00 B
2021-02-02 21:08:42.765+0000 INFO  [o.n.k.i.DiagnosticsManager]:   schema:
2021-02-02 21:08:42.767+0000 INFO  [o.n.k.i.DiagnosticsManager]:     index:
2021-02-02 21:08:42.770+0000 INFO  [o.n.k.i.DiagnosticsManager]:       lucene:
2021-02-02 21:08:42.772+0000 INFO  [o.n.k.i.DiagnosticsManager]:         1:
2021-02-02 21:08:42.773+0000 INFO  [o.n.k.i.DiagnosticsManager]:           _0.cfs: 2021-02-02T21:04:17+0000 - 32.90 kB
2021-02-02 21:08:42.774+0000 INFO  [o.n.k.i.DiagnosticsManager]:           failure-message: 2021-02-02T21:04:17+0000 - 16.00 kB
2021-02-02 21:08:42.774+0000 INFO  [o.n.k.i.DiagnosticsManager]:           segments.gen: 2021-02-02T21:04:17+0000 - 20.00 B
2021-02-02 21:08:42.775+0000 INFO  [o.n.k.i.DiagnosticsManager]:           segments_1: 2021-02-02T21:04:17+0000 - 254.00 B
2021-02-02 21:08:42.776+0000 INFO  [o.n.k.i.DiagnosticsManager]:           write.lock: 2021-02-02T21:08:41+0000 - 0.00 B
2021-02-02 21:08:42.777+0000 INFO  [o.n.k.i.DiagnosticsManager]:         - Total: 2021-02-02T21:08:41+0000 - 49.17 kB
2021-02-02 21:08:42.777+0000 INFO  [o.n.k.i.DiagnosticsManager]:         10:
2021-02-02 21:08:42.778+0000 INFO  [o.n.k.i.DiagnosticsManager]:           _0.cfs: 2021-02-02T21:04:18+0000 - 32.31 kB
2021-02-02 21:08:42.779+0000 INFO  [o.n.k.i.DiagnosticsManager]:           failure-message: 2021-02-02T21:04:17+0000 - 16.00 kB
2021-02-02 21:08:42.782+0000 INFO  [o.n.k.i.DiagnosticsManager]:           segments.gen: 2021-02-02T21:04:18+0000 - 20.00 B
2021-02-02 21:08:42.783+0000 INFO  [o.n.k.i.DiagnosticsManager]:           segments_1: 2021-02-02T21:04:18+0000 - 254.00 B
2021-02-02 21:08:42.784+0000 INFO  [o.n.k.i.DiagnosticsManager]:           write.lock: 2021-02-02T21:08:41+0000 - 0.00 B
2021-02-02 21:08:42.784+0000 INFO  [o.n.k.i.DiagnosticsManager]:         - Total: 2021-02-02T21:08:41+0000 - 48.58 kB
2021-02-02 21:08:42.785+0000 INFO  [o.n.k.i.DiagnosticsManager]:         11:
2021-02-02 21:08:42.785+0000 INFO  [o.n.k.i.DiagnosticsManager]:           failure-message: 2021-02-02T21:04:17+0000 - 16.00 kB
2021-02-02 21:08:42.786+0000 INFO  [o.n.k.i.DiagnosticsManager]:           segments.gen: 2021-02-02T21:04:17+0000 - 20.00 B
2021-02-02 21:08:42.787+0000 INFO  [o.n.k.i.DiagnosticsManager]:           segments_1: 2021-02-02T21:04:17+0000 - 46.00 B
2021-02-02 21:08:42.788+0000 INFO  [o.n.k.i.DiagnosticsManager]:           write.lock: 2021-02-02T21:08:41+0000 - 0.00 B
2021-02-02 21:08:42.788+0000 INFO  [o.n.k.i.DiagnosticsManager]:         - Total: 2021-02-02T21:08:41+0000 - 16.06 kB
2021-02-02 21:08:42.789+0000 INFO  [o.n.k.i.DiagnosticsManager]:         12:
2021-02-02 21:08:42.789+0000 INFO  [o.n.k.i.DiagnosticsManager]:           _0.cfs: 2021-02-02T21:04:18+0000 - 26.69 kB
2021-02-02 21:08:42.790+0000 INFO  [o.n.k.i.DiagnosticsManager]:           failure-message: 2021-02-02T21:04:17+0000 - 16.00 kB
2021-02-02 21:08:42.791+0000 INFO  [o.n.k.i.DiagnosticsManager]:           segments.gen: 2021-02-02T21:04:18+0000 - 20.00 B
2021-02-02 21:08:42.791+0000 INFO  [o.n.k.i.DiagnosticsManager]:           segments_1: 2021-02-02T21:04:18+0000 - 254.00 B
2021-02-02 21:08:42.792+0000 INFO  [o.n.k.i.DiagnosticsManager]:           write.lock: 2021-02-02T21:08:41+0000 - 0.00 B
2021-02-02 21:08:42.792+0000 INFO  [o.n.k.i.DiagnosticsManager]:         - Total: 2021-02-02T21:08:41+0000 - 42.96 kB
2021-02-02 21:08:42.793+0000 INFO  [o.n.k.i.DiagnosticsManager]:         13:
2021-02-02 21:08:42.794+0000 INFO  [o.n.k.i.DiagnosticsManager]:           _0.cfs: 2021-02-02T21:04:18+0000 - 26.64 kB
2021-02-02 21:08:42.795+0000 INFO  [o.n.k.i.DiagnosticsManager]:           failure-message: 2021-02-02T21:04:17+0000 - 16.00 kB
2021-02-02 21:08:42.795+0000 INFO  [o.n.k.i.DiagnosticsManager]:           segments.gen: 2021-02-02T21:04:18+0000 - 20.00 B
2021-02-02 21:08:42.796+0000 INFO  [o.n.k.i.DiagnosticsManager]:           segments_1: 2021-02-02T21:04:18+0000 - 254.00 B
2021-02-02 21:08:42.796+0000 INFO  [o.n.k.i.DiagnosticsManager]:           write.lock: 2021-02-02T21:08:41+0000 - 0.00 B
2021-02-02 21:08:42.797+0000 INFO  [o.n.k.i.DiagnosticsManager]:         - Total: 2021-02-02T21:08:41+0000 - 42.91 kB
2021-02-02 21:08:42.797+0000 INFO  [o.n.k.i.DiagnosticsManager]:         14:
2021-02-02 21:08:42.798+0000 INFO  [o.n.k.i.DiagnosticsManager]:           _0.cfs: 2021-02-02T21:04:17+0000 - 1.56 kB
2021-02-02 21:08:42.799+0000 INFO  [o.n.k.i.DiagnosticsManager]:           failure-message: 2021-02-02T21:04:17+0000 - 16.00 kB
2021-02-02 21:08:42.800+0000 INFO  [o.n.k.i.DiagnosticsManager]:           segments.gen: 2021-02-02T21:04:17+0000 - 20.00 B
2021-02-02 21:08:42.800+0000 INFO  [o.n.k.i.DiagnosticsManager]:           segments_1: 2021-02-02T21:04:17+0000 - 254.00 B
2021-02-02 21:08:42.801+0000 INFO  [o.n.k.i.DiagnosticsManager]:           write.lock: 2021-02-02T21:08:41+0000 - 0.00 B
2021-02-02 21:08:42.802+0000 INFO  [o.n.k.i.DiagnosticsManager]:         - Total: 2021-02-02T21:08:41+0000 - 17.83 kB
2021-02-02 21:08:42.802+0000 INFO  [o.n.k.i.DiagnosticsManager]:         15:
2021-02-02 21:08:42.803+0000 INFO  [o.n.k.i.DiagnosticsManager]:           _0.cfs: 2021-02-02T21:04:18+0000 - 19.33 kB
2021-02-02 21:08:42.804+0000 INFO  [o.n.k.i.DiagnosticsManager]:           failure-message: 2021-02-02T21:04:17+0000 - 16.00 kB
2021-02-02 21:08:42.805+0000 INFO  [o.n.k.i.DiagnosticsManager]:           segments.gen: 2021-02-02T21:04:18+0000 - 20.00 B
2021-02-02 21:08:42.805+0000 INFO  [o.n.k.i.DiagnosticsManager]:           segments_1: 2021-02-02T21:04:18+0000 - 254.00 B
2021-02-02 21:08:42.806+0000 INFO  [o.n.k.i.DiagnosticsManager]:           write.lock: 2021-02-02T21:08:41+0000 - 0.00 B
2021-02-02 21:08:42.807+0000 INFO  [o.n.k.i.DiagnosticsManager]:         - Total: 2021-02-02T21:08:41+0000 - 35.60 kB
2021-02-02 21:08:42.807+0000 INFO  [o.n.k.i.DiagnosticsManager]:         16:
2021-02-02 21:08:42.808+0000 INFO  [o.n.k.i.DiagnosticsManager]:           _0.cfs: 2021-02-02T21:04:18+0000 - 20.20 kB
2021-02-02 21:08:42.808+0000 INFO  [o.n.k.i.DiagnosticsManager]:           failure-message: 2021-02-02T21:04:17+0000 - 16.00 kB
2021-02-02 21:08:42.809+0000 INFO  [o.n.k.i.DiagnosticsManager]:           segments.gen: 2021-02-02T21:04:18+0000 - 20.00 B
2021-02-02 21:08:42.810+0000 INFO  [o.n.k.i.DiagnosticsManager]:           segments_1: 2021-02-02T21:04:18+0000 - 254.00 B
2021-02-02 21:08:42.810+0000 INFO  [o.n.k.i.DiagnosticsManager]:           write.lock: 2021-02-02T21:08:42+0000 - 0.00 B
2021-02-02 21:08:42.811+0000 INFO  [o.n.k.i.DiagnosticsManager]:         - Total: 2021-02-02T21:08:42+0000 - 36.46 kB
2021-02-02 21:08:42.811+0000 INFO  [o.n.k.i.DiagnosticsManager]:         2:
2021-02-02 21:08:42.812+0000 INFO  [o.n.k.i.DiagnosticsManager]:           failure-message: 2021-02-02T21:04:17+0000 - 16.00 kB
2021-02-02 21:08:42.813+0000 INFO  [o.n.k.i.DiagnosticsManager]:           segments.gen: 2021-02-02T21:04:17+0000 - 20.00 B
2021-02-02 21:08:42.813+0000 INFO  [o.n.k.i.DiagnosticsManager]:           segments_1: 2021-02-02T21:04:17+0000 - 46.00 B
2021-02-02 21:08:42.814+0000 INFO  [o.n.k.i.DiagnosticsManager]:           write.lock: 2021-02-02T21:08:41+0000 - 0.00 B
2021-02-02 21:08:42.815+0000 INFO  [o.n.k.i.DiagnosticsManager]:         - Total: 2021-02-02T21:08:41+0000 - 16.06 kB
2021-02-02 21:08:42.815+0000 INFO  [o.n.k.i.DiagnosticsManager]:         3:
2021-02-02 21:08:42.816+0000 INFO  [o.n.k.i.DiagnosticsManager]:           failure-message: 2021-02-02T21:04:17+0000 - 16.00 kB
2021-02-02 21:08:42.817+0000 INFO  [o.n.k.i.DiagnosticsManager]:           segments.gen: 2021-02-02T21:04:17+0000 - 20.00 B
2021-02-02 21:08:42.818+0000 INFO  [o.n.k.i.DiagnosticsManager]:           segments_1: 2021-02-02T21:04:17+0000 - 46.00 B
2021-02-02 21:08:42.819+0000 INFO  [o.n.k.i.DiagnosticsManager]:           write.lock: 2021-02-02T21:08:41+0000 - 0.00 B
2021-02-02 21:08:42.819+0000 INFO  [o.n.k.i.DiagnosticsManager]:         - Total: 2021-02-02T21:08:41+0000 - 16.06 kB
2021-02-02 21:08:42.820+0000 INFO  [o.n.k.i.DiagnosticsManager]:         4:
2021-02-02 21:08:42.821+0000 INFO  [o.n.k.i.DiagnosticsManager]:           failure-message: 2021-02-02T21:04:17+0000 - 16.00 kB
2021-02-02 21:08:42.821+0000 INFO  [o.n.k.i.DiagnosticsManager]:           segments.gen: 2021-02-02T21:04:18+0000 - 20.00 B
2021-02-02 21:08:42.823+0000 INFO  [o.n.k.i.DiagnosticsManager]:           segments_1: 2021-02-02T21:04:18+0000 - 46.00 B
2021-02-02 21:08:42.824+0000 INFO  [o.n.k.i.DiagnosticsManager]:           write.lock: 2021-02-02T21:08:41+0000 - 0.00 B
2021-02-02 21:08:42.825+0000 INFO  [o.n.k.i.DiagnosticsManager]:         - Total: 2021-02-02T21:08:41+0000 - 16.06 kB
2021-02-02 21:08:42.825+0000 INFO  [o.n.k.i.DiagnosticsManager]:         5:
2021-02-02 21:08:42.826+0000 INFO  [o.n.k.i.DiagnosticsManager]:           _0.cfs: 2021-02-02T21:04:17+0000 - 2.33 kB
2021-02-02 21:08:42.827+0000 INFO  [o.n.k.i.DiagnosticsManager]:           failure-message: 2021-02-02T21:04:17+0000 - 16.00 kB
2021-02-02 21:08:42.827+0000 INFO  [o.n.k.i.DiagnosticsManager]:           segments.gen: 2021-02-02T21:04:17+0000 - 20.00 B
2021-02-02 21:08:42.828+0000 INFO  [o.n.k.i.DiagnosticsManager]:           segments_1: 2021-02-02T21:04:17+0000 - 254.00 B
2021-02-02 21:08:42.828+0000 INFO  [o.n.k.i.DiagnosticsManager]:           write.lock: 2021-02-02T21:08:41+0000 - 0.00 B
2021-02-02 21:08:42.829+0000 INFO  [o.n.k.i.DiagnosticsManager]:         - Total: 2021-02-02T21:08:41+0000 - 18.60 kB
2021-02-02 21:08:42.830+0000 INFO  [o.n.k.i.DiagnosticsManager]:         6:
2021-02-02 21:08:42.830+0000 INFO  [o.n.k.i.DiagnosticsManager]:           _0.cfs: 2021-02-02T21:04:17+0000 - 31.70 kB
2021-02-02 21:08:42.831+0000 INFO  [o.n.k.i.DiagnosticsManager]:           failure-message: 2021-02-02T21:04:17+0000 - 16.00 kB
2021-02-02 21:08:42.831+0000 INFO  [o.n.k.i.DiagnosticsManager]:           segments.gen: 2021-02-02T21:04:17+0000 - 20.00 B
2021-02-02 21:08:42.832+0000 INFO  [o.n.k.i.DiagnosticsManager]:           segments_1: 2021-02-02T21:04:17+0000 - 254.00 B
2021-02-02 21:08:42.833+0000 INFO  [o.n.k.i.DiagnosticsManager]:           write.lock: 2021-02-02T21:08:41+0000 - 0.00 B
2021-02-02 21:08:42.833+0000 INFO  [o.n.k.i.DiagnosticsManager]:         - Total: 2021-02-02T21:08:41+0000 - 47.97 kB
2021-02-02 21:08:42.834+0000 INFO  [o.n.k.i.DiagnosticsManager]:         7:
2021-02-02 21:08:42.835+0000 INFO  [o.n.k.i.DiagnosticsManager]:           _0.cfs: 2021-02-02T21:04:18+0000 - 32.80 kB
2021-02-02 21:08:42.835+0000 INFO  [o.n.k.i.DiagnosticsManager]:           failure-message: 2021-02-02T21:04:17+0000 - 16.00 kB
2021-02-02 21:08:42.836+0000 INFO  [o.n.k.i.DiagnosticsManager]:           segments.gen: 2021-02-02T21:04:18+0000 - 20.00 B
2021-02-02 21:08:42.837+0000 INFO  [o.n.k.i.DiagnosticsManager]:           segments_1: 2021-02-02T21:04:18+0000 - 254.00 B
2021-02-02 21:08:42.837+0000 INFO  [o.n.k.i.DiagnosticsManager]:           write.lock: 2021-02-02T21:08:41+0000 - 0.00 B
2021-02-02 21:08:42.838+0000 INFO  [o.n.k.i.DiagnosticsManager]:         - Total: 2021-02-02T21:08:41+0000 - 49.07 kB
2021-02-02 21:08:42.839+0000 INFO  [o.n.k.i.DiagnosticsManager]:         8:
2021-02-02 21:08:42.839+0000 INFO  [o.n.k.i.DiagnosticsManager]:           _0.cfs: 2021-02-02T21:04:17+0000 - 2.16 kB
2021-02-02 21:08:42.840+0000 INFO  [o.n.k.i.DiagnosticsManager]:           failure-message: 2021-02-02T21:04:17+0000 - 16.00 kB
2021-02-02 21:08:42.841+0000 INFO  [o.n.k.i.DiagnosticsManager]:           segments.gen: 2021-02-02T21:04:17+0000 - 20.00 B
2021-02-02 21:08:42.841+0000 INFO  [o.n.k.i.DiagnosticsManager]:           segments_1: 2021-02-02T21:04:17+0000 - 254.00 B
2021-02-02 21:08:42.842+0000 INFO  [o.n.k.i.DiagnosticsManager]:           write.lock: 2021-02-02T21:08:41+0000 - 0.00 B
2021-02-02 21:08:42.843+0000 INFO  [o.n.k.i.DiagnosticsManager]:         - Total: 2021-02-02T21:08:41+0000 - 18.42 kB
2021-02-02 21:08:42.844+0000 INFO  [o.n.k.i.DiagnosticsManager]:         9:
2021-02-02 21:08:42.845+0000 INFO  [o.n.k.i.DiagnosticsManager]:           _0.cfs: 2021-02-02T21:04:18+0000 - 31.17 kB
2021-02-02 21:08:42.846+0000 INFO  [o.n.k.i.DiagnosticsManager]:           failure-message: 2021-02-02T21:04:17+0000 - 16.00 kB
2021-02-02 21:08:42.847+0000 INFO  [o.n.k.i.DiagnosticsManager]:           segments.gen: 2021-02-02T21:04:18+0000 - 20.00 B
2021-02-02 21:08:42.848+0000 INFO  [o.n.k.i.DiagnosticsManager]:           segments_1: 2021-02-02T21:04:18+0000 - 254.00 B
2021-02-02 21:08:42.849+0000 INFO  [o.n.k.i.DiagnosticsManager]:           write.lock: 2021-02-02T21:08:41+0000 - 0.00 B
2021-02-02 21:08:42.849+0000 INFO  [o.n.k.i.DiagnosticsManager]:         - Total: 2021-02-02T21:08:41+0000 - 47.43 kB
2021-02-02 21:08:42.851+0000 INFO  [o.n.k.i.DiagnosticsManager]:       - Total: 2021-02-02T21:04:10+0000 - 519.26 kB
2021-02-02 21:08:42.853+0000 INFO  [o.n.k.i.DiagnosticsManager]:     - Total: 2021-02-02T21:04:10+0000 - 519.26 kB
2021-02-02 21:08:42.855+0000 INFO  [o.n.k.i.DiagnosticsManager]:     label:
2021-02-02 21:08:42.856+0000 INFO  [o.n.k.i.DiagnosticsManager]:       lucene:
2021-02-02 21:08:42.858+0000 INFO  [o.n.k.i.DiagnosticsManager]:         _1.cfs: 2021-02-02T21:04:18+0000 - 3.91 kB
2021-02-02 21:08:42.858+0000 INFO  [o.n.k.i.DiagnosticsManager]:         segments.gen: 2021-02-02T21:04:18+0000 - 20.00 B
2021-02-02 21:08:42.859+0000 INFO  [o.n.k.i.DiagnosticsManager]:         segments_3: 2021-02-02T21:04:18+0000 - 240.00 B
2021-02-02 21:08:42.860+0000 INFO  [o.n.k.i.DiagnosticsManager]:         write.lock: 2021-02-02T21:08:42+0000 - 0.00 B
2021-02-02 21:08:42.860+0000 INFO  [o.n.k.i.DiagnosticsManager]:       - Total: 2021-02-02T21:08:42+0000 - 4.17 kB
2021-02-02 21:08:42.861+0000 INFO  [o.n.k.i.DiagnosticsManager]:     - Total: 2021-02-02T21:04:02+0000 - 4.17 kB
2021-02-02 21:08:42.862+0000 INFO  [o.n.k.i.DiagnosticsManager]:   - Total: 2021-02-02T21:04:10+0000 - 523.43 kB
2021-02-02 21:08:42.863+0000 INFO  [o.n.k.i.DiagnosticsManager]:   store_lock: 2021-02-02T21:04:01+0000 - 0.00 B
2021-02-02 21:08:42.864+0000 INFO  [o.n.k.i.DiagnosticsManager]: --- STARTED diagnostics for KernelDiagnostics:StoreFiles END ---
2021-02-02 21:08:42.961+0000 INFO  [o.n.k.EmbeddedGraphDatabase]: Database is now ready
2021-02-02 21:08:45.856+0000 WARN  [o.n.k.EmbeddedGraphDatabase]: GC Monitor: Application threads blocked for 1090ms.
